{"customer":"69efb9df17b027fd92755346","items":1,"level":"info","message":"ORDER_CREATED","orderId":"ORD-1777390736301R82A","paymentMethod":"cash","service":"audit","timestamp":"2026-04-28T15:38:56.392Z","total":2900,"userId":"69efb9df17b027fd9275536a"}
{"cashVariance":0,"handover":null,"level":"info","message":"SHIFT_CLOSED","notes":"","paymentBreakdown":{"account":0,"bank_transfer":0,"card":0,"cash":0,"mpesa":0},"reconciliationId":"REC-1777399004362-VMAV","service":"audit","shift":"Evening","timestamp":"2026-04-28T17:56:44.414Z","totalOrders":0,"totalSales":0,"userId":"69efb9df17b027fd92755369"}
{"customer":"69efb9df17b027fd92755346","items":1,"level":"info","message":"ORDER_CREATED","orderId":"ORD-1777403998398J0WT","paymentMethod":"cash","service":"audit","timestamp":"2026-04-28T19:19:58.735Z","total":406,"userId":"69efb9df17b027fd9275536a"}
{"amount":2900,"level":"info","message":"PAYMENT_PROCESSED","method":"cash","orderId":"ORD-1777390736301R82A","paymentId":"PAY-1777408056608-FUB69","service":"audit","terminalId":"69efb9df17b027fd92755369","timestamp":"2026-04-28T20:27:36.841Z","userId":"69efb9df17b027fd9275536a"}
{"customer":null,"items":1,"level":"info","message":"ORDER_CREATED","orderId":"ORD-17774732130733EIG","paymentMethod":"cash","service":"audit","timestamp":"2026-04-29T14:33:33.373Z","total":2500,"userId":"69efb9df17b027fd9275536a"}
{"customer":null,"items":1,"level":"info","message":"ORDER_CREATED","orderId":"ORD-1777502353164EZM2","paymentMethod":"cash","service":"audit","timestamp":"2026-04-29T22:39:13.274Z","total":2500,"userId":"69efb9df17b027fd9275536a"}
{"customer":"69f283cfcbb82fdc7c5c32b5","items":1,"level":"info","message":"ORDER_CREATED","orderId":"ORD-1777554853377NEPT","paymentMethod":"mpesa","service":"audit","timestamp":"2026-04-30T13:14:13.460Z","total":2500,"userId":"69efb9df17b027fd9275536a"}
{"cashVariance":-17500,"handover":{"from":"69f25a48730f051dafe95b06","orderIds":[],"to":"69efb9df17b027fd92755366"},"level":"info","message":"SHIFT_CLOSED","notes":"","paymentBreakdown":{"account":0,"bank_transfer":0,"card":0,"cash":0,"mpesa":0},"reconciliationId":"REC-1777554988538-F5C9","service":"audit","shift":"Evening","timestamp":"2026-04-30T13:16:28.562Z","totalOrders":1,"totalSales":2500,"userId":"69f25a48730f051dafe95b06"}
{"customer":"69f3555bdfe57def49341a51","items":1,"level":"info","message":"ORDER_CREATED","orderId":"ORD-17775556805849DKS","paymentMethod":"mpesa","service":"audit","timestamp":"2026-04-30T13:28:00.654Z","total":90,"userId":"69efb9df17b027fd9275536a"}
{"customer":"69efb9df17b027fd92755346","items":1,"level":"info","message":"ORDER_CREATED","orderId":"ORD-1777555747186H4HM","paymentMethod":"mpesa","service":"audit","timestamp":"2026-04-30T13:29:07.232Z","total":3000,"userId":"69efb9df17b027fd9275536a"}
{"customer":"69efb9df17b027fd92755346","items":1,"level":"info","message":"ORDER_CREATED","orderId":"ORD-177755789666132NW","paymentMethod":"cash","service":"audit","timestamp":"2026-04-30T14:04:56.705Z","total":3500,"userId":"69efb9df17b027fd9275536a"}
{"customer":"69efb9df17b027fd92755346","items":2,"level":"info","message":"ORDER_CREATED","orderId":"ORD-1777557935689OXXL","paymentMethod":"cash","service":"audit","timestamp":"2026-04-30T14:05:35.744Z","total":2850,"userId":"69efb9df17b027fd9275536a"}
{"customer":null,"items":2,"level":"info","message":"ORDER_CREATED","orderId":"ORD-1777717483185URE7","paymentMethod":"mpesa","service":"audit","timestamp":"2026-05-02T10:24:43.396Z","total":6500,"userId":"69efb9df17b027fd9275536a"}
{"customer":"69efb9df17b027fd92755346","items":1,"level":"info","message":"ORDER_CREATED","orderId":"ORD-1777717728283TVTK","paymentMethod":"mpesa","service":"audit","timestamp":"2026-05-02T10:28:48.496Z","total":1800,"userId":"69efb9df17b027fd9275536a"}
{"customer":"69f3555bdfe57def49341a51","items":1,"level":"info","message":"ORDER_CREATED","orderId":"ORD-1777717820195SLW1","paymentMethod":"cash","service":"audit","timestamp":"2026-05-02T10:30:20.220Z","total":350,"userId":"69efb9df17b027fd9275536a"}
{"customer":"69efb9df17b027fd92755342","items":2,"level":"info","message":"ORDER_CREATED","orderId":"ORD-17777195417946MOE","paymentMethod":"mpesa","service":"audit","timestamp":"2026-05-02T10:59:01.915Z","total":6000,"userId":"69efb9df17b027fd9275536a"}
{"customer":"69efb9df17b027fd92755342","items":1,"level":"info","message":"ORDER_CREATED","orderId":"ORD-1777719549735A1NT","paymentMethod":"cash","service":"audit","timestamp":"2026-05-02T10:59:09.755Z","total":2500,"userId":"69efb9df17b027fd9275536a"}
{"amount":2500,"level":"info","message":"PAYMENT_PROCESSED","method":"cash","orderId":"ORD-1777719549735A1NT","paymentId":"PAY-1777722088593-I81K9","service":"audit","terminalId":"69f25a48730f051dafe95b06","timestamp":"2026-05-02T11:41:28.706Z","userId":"69efb9df17b027fd9275536a"}
{"customer":"69efb9df17b027fd92755342","items":1,"level":"info","message":"ORDER_CREATED","orderId":"ORD-1777722099615IJ3R","paymentMethod":"cash","service":"audit","timestamp":"2026-05-02T11:41:39.631Z","total":300,"userId":"69efb9df17b027fd9275536a"}
{"amount":300,"level":"info","message":"PAYMENT_PROCESSED","method":"cash","orderId":"ORD-1777722099615IJ3R","paymentId":"PAY-1777722382537-7JSPI","service":"audit","terminalId":"69f25a48730f051dafe95b06","timestamp":"2026-05-02T11:46:22.567Z","userId":"69efb9df17b027fd9275536a"}
{"amount":350,"level":"info","message":"PAYMENT_PROCESSED","method":"cash","orderId":"ORD-1777717820195SLW1","paymentId":"PAY-1777723725245-2XITW","service":"audit","terminalId":"69f25a48730f051dafe95b06","timestamp":"2026-05-02T12:08:45.290Z","userId":"69efb9df17b027fd9275536a"}
{"customer":"69f283cfcbb82fdc7c5c32b5","items":1,"level":"info","message":"ORDER_CREATED","orderId":"ORD-1777723780843XHJX","paymentMethod":"cash","service":"audit","timestamp":"2026-05-02T12:09:40.861Z","total":3500,"userId":"69efb9df17b027fd9275536a"}
{"customer":"69efb9df17b027fd92755342","items":1,"level":"info","message":"ORDER_CREATED","orderId":"ORD-1777723825890MYGX","paymentMethod":"cash","service":"audit","timestamp":"2026-05-02T12:10:25.905Z","total":3500,"userId":"69efb9df17b027fd9275536a"}
{"customer":"69efb9df17b027fd92755342","items":1,"level":"info","message":"ORDER_CREATED","orderId":"ORD-1777723979200J8VY","paymentMethod":"cash","service":"audit","timestamp":"2026-05-02T12:12:59.254Z","total":3500,"userId":"69efb9df17b027fd9275536a"}
{"customer":null,"items":1,"level":"info","message":"ORDER_CREATED","orderId":"ORD-1777728723748D7ZX","paymentMethod":"cash","service":"audit","timestamp":"2026-05-02T13:32:03.817Z","total":2500,"userId":"69efb9df17b027fd9275536a"}
{"customer":null,"items":1,"level":"info","message":"ORDER_CREATED","orderId":"ORD-1777728904656AVIR","paymentMethod":"cash","service":"audit","timestamp":"2026-05-02T13:35:04.671Z","total":2500,"userId":"69efb9df17b027fd9275536a"}
{"amount":3500,"level":"info","message":"PAYMENT_PROCESSED","method":"cash","orderId":"ORD-1777723825890MYGX","paymentId":"PAY-1777729280836-LH39K","service":"audit","terminalId":"69f25a48730f051dafe95b06","timestamp":"2026-05-02T13:41:20.926Z","userId":"69efb9df17b027fd9275536a"}
{"amount":2500,"level":"info","message":"PAYMENT_PROCESSED","method":"cash","orderId":"ORD-1777728904656AVIR","paymentId":"PAY-1777729292033-9L82K","service":"audit","terminalId":"69f25a48730f051dafe95b06","timestamp":"2026-05-02T13:41:32.047Z","userId":"69efb9df17b027fd9275536a"}
{"amount":2500,"level":"info","message":"PAYMENT_PROCESSED","method":"cash","orderId":"ORD-1777728723748D7ZX","paymentId":"PAY-1777729299246-QIW6O","service":"audit","terminalId":"69f25a48730f051dafe95b06","timestamp":"2026-05-02T13:41:39.263Z","userId":"69efb9df17b027fd9275536a"}
{"amount":3500,"level":"info","message":"PAYMENT_PROCESSED","method":"cash","orderId":"ORD-1777723780843XHJX","paymentId":"PAY-1777731790464-9MPLO","service":"audit","terminalId":"69f25a48730f051dafe95b06","timestamp":"2026-05-02T14:23:10.564Z","userId":"69efb9df17b027fd9275536a"}
{"customer":"69efb9df17b027fd92755346","items":1,"level":"info","message":"ORDER_CREATED","orderId":"ORD-1777731802202JP9W","paymentMethod":"cash","service":"audit","timestamp":"2026-05-02T14:23:22.303Z","total":3500,"userId":"69efb9df17b027fd9275536a"}
{"customer":"69f3555bdfe57def49341a51","items":1,"level":"info","message":"ORDER_CREATED","orderId":"ORD-1777731816428IIT1","paymentMethod":"cash","service":"audit","timestamp":"2026-05-02T14:23:36.447Z","total":300,"userId":"69efb9df17b027fd9275536a"}
{"customer":"64f5e9a8b7c1d2e3f4a5b601","items":1,"level":"info","message":"ORDER_CREATED","orderId":"ORD-1777732749220WIO9","paymentMethod":"cash","service":"audit","timestamp":"2026-05-02T14:39:09.241Z","total":3500,"userId":"69efb9df17b027fd9275536a"}
