{"collection":"Order","filter":{"assignedTo":"69efb9df17b027fd92755369","status":"paid"},"level":"debug","message":"find","options":{"limit":100,"page":1,"populate":["customer","assignedTo"],"skip":0,"sort":{"createdAt":-1}},"service":"datastore","timestamp":"2026-04-28 02:15:34"}
{"collection":"Order","filter":{"assignedTo":"69efb9df17b027fd92755369","status":"paid"},"level":"debug","message":"find","options":{"limit":100,"page":1,"populate":["customer","assignedTo"],"skip":0,"sort":{"createdAt":-1}},"service":"datastore","timestamp":"2026-04-28 02:15:34"}
{"collection":"Order","filter":{"assignedTo":"69efb9df17b027fd92755369","status":"paid"},"level":"debug","message":"find","options":{"limit":100,"page":1,"populate":["customer","assignedTo"],"skip":0,"sort":{"createdAt":-1}},"service":"datastore","timestamp":"2026-04-28 02:25:04"}
{"collection":"Order","filter":{"assignedTo":"69efb9df17b027fd92755369","status":"paid"},"level":"debug","message":"find","options":{"limit":100,"page":1,"populate":["customer","assignedTo"],"skip":0,"sort":{"createdAt":-1}},"service":"datastore","timestamp":"2026-04-28 02:25:04"}
{"collection":"Order","filter":{"assignedTo":"69efb9df17b027fd92755369","status":"held"},"level":"debug","message":"find","options":{"limit":50,"page":1,"populate":["customer","assignedTo"],"skip":0,"sort":{"createdAt":-1}},"service":"datastore","timestamp":"2026-04-28 18:08:16"}
{"collection":"Order","filter":{"assignedTo":"69efb9df17b027fd92755369","status":"held"},"level":"debug","message":"find","options":{"limit":50,"page":1,"populate":["customer","assignedTo"],"skip":0,"sort":{"createdAt":-1}},"service":"datastore","timestamp":"2026-04-28 18:18:30"}
{"collection":"Order","filter":{"assignedTo":"69efb9df17b027fd92755369","status":"held"},"level":"debug","message":"find","options":{"limit":50,"page":1,"populate":["customer","assignedTo"],"skip":0,"sort":{"createdAt":-1}},"service":"datastore","timestamp":"2026-04-28 18:22:39"}
{"collection":"Order","filter":{"assignedTo":"69efb9df17b027fd92755369","status":"held"},"level":"debug","message":"find","options":{"limit":50,"page":1,"populate":["customer","assignedTo"],"skip":0,"sort":{"createdAt":-1}},"service":"datastore","timestamp":"2026-04-28 18:22:40"}
{"collection":"Order","filter":{"assignedTo":"69efb9df17b027fd92755369","status":"held"},"level":"debug","message":"find","options":{"limit":50,"page":1,"populate":["customer","assignedTo"],"skip":0,"sort":{"createdAt":-1}},"service":"datastore","timestamp":"2026-04-28 18:36:04"}
{"collection":"Order","filter":{"assignedTo":"69efb9df17b027fd92755369","status":"held"},"level":"debug","message":"find","options":{"limit":50,"page":1,"populate":["customer","assignedTo"],"skip":0,"sort":{"createdAt":-1}},"service":"datastore","timestamp":"2026-04-28 18:36:04"}
{"collection":"Order","filter":{"assignedTo":"69efb9df17b027fd92755369","status":"held"},"level":"debug","message":"find","options":{"limit":50,"page":1,"populate":["customer","assignedTo"],"skip":0,"sort":{"createdAt":-1}},"service":"datastore","timestamp":"2026-04-28 18:39:03"}
{"collection":"Order","filter":{"assignedTo":"69efb9df17b027fd92755369","status":"held"},"level":"debug","message":"find","options":{"limit":50,"page":1,"populate":["customer","assignedTo"],"skip":0,"sort":{"createdAt":-1}},"service":"datastore","timestamp":"2026-04-28 18:39:03"}
{"collection":"Order","filter":{"assignedTo":"69efb9df17b027fd92755369","status":"held"},"level":"debug","message":"find","options":{"limit":50,"page":1,"populate":["customer","assignedTo"],"skip":0,"sort":{"createdAt":-1}},"service":"datastore","timestamp":"2026-04-28 18:45:17"}
{"collection":"Order","filter":{"assignedTo":"69efb9df17b027fd92755369","status":"held"},"level":"debug","message":"find","options":{"limit":50,"page":1,"populate":["customer","assignedTo"],"skip":0,"sort":{"createdAt":-1}},"service":"datastore","timestamp":"2026-04-28 18:49:49"}
{"collection":"Order","filter":{"assignedTo":"69efb9df17b027fd92755369","status":"held"},"level":"debug","message":"find","options":{"limit":50,"page":1,"populate":["customer","assignedTo"],"skip":0,"sort":{"createdAt":-1}},"service":"datastore","timestamp":"2026-04-28 18:52:54"}
{"collection":"Order","filter":{"assignedTo":"69efb9df17b027fd92755369","status":"held"},"level":"debug","message":"find","options":{"limit":50,"page":1,"populate":["customer","assignedTo"],"skip":0,"sort":{"createdAt":-1}},"service":"datastore","timestamp":"2026-04-28 18:52:54"}
{"collection":"Order","filter":{"assignedTo":"69efb9df17b027fd92755369","status":"paid"},"level":"debug","message":"find","options":{"limit":100,"page":1,"populate":["customer","assignedTo"],"skip":0,"sort":{"createdAt":-1}},"service":"datastore","timestamp":"2026-04-28 18:53:10"}
{"collection":"Order","filter":{"assignedTo":"69efb9df17b027fd92755369","status":"paid"},"level":"debug","message":"find","options":{"limit":100,"page":1,"populate":["customer","assignedTo"],"skip":0,"sort":{"createdAt":-1}},"service":"datastore","timestamp":"2026-04-28 18:53:10"}
{"collection":"Order","filter":{"assignedTo":"69efb9df17b027fd92755369","status":"paid"},"level":"debug","message":"find","options":{"limit":100,"page":1,"populate":["customer","assignedTo"],"skip":0,"sort":{"createdAt":-1}},"service":"datastore","timestamp":"2026-04-28 19:00:16"}
{"collection":"Order","filter":{"assignedTo":"69efb9df17b027fd92755369","status":"paid"},"level":"debug","message":"find","options":{"limit":100,"page":1,"populate":["customer","assignedTo"],"skip":0,"sort":{"createdAt":-1}},"service":"datastore","timestamp":"2026-04-28 19:00:16"}
{"collection":"Order","filter":{"assignedTo":"69efb9df17b027fd92755369","status":"held"},"level":"debug","message":"find","options":{"limit":50,"page":1,"populate":["customer","assignedTo"],"skip":0,"sort":{"createdAt":-1}},"service":"datastore","timestamp":"2026-04-28 19:27:07"}
{"collection":"Order","filter":{"assignedTo":"69efb9df17b027fd92755369","status":"held"},"level":"debug","message":"find","options":{"limit":50,"page":1,"populate":["customer","assignedTo"],"skip":0,"sort":{"createdAt":-1}},"service":"datastore","timestamp":"2026-04-28 19:27:07"}
{"collection":"Order","filter":{"assignedTo":"69efb9df17b027fd92755369","status":"held"},"level":"debug","message":"find","options":{"limit":50,"page":1,"populate":["customer","assignedTo"],"skip":0,"sort":{"createdAt":-1}},"service":"datastore","timestamp":"2026-04-28 20:20:07"}
{"collection":"Order","filter":{"assignedTo":"69efb9df17b027fd92755369","status":"held"},"level":"debug","message":"find","options":{"limit":50,"page":1,"populate":["customer","assignedTo"],"skip":0,"sort":{"createdAt":-1}},"service":"datastore","timestamp":"2026-04-28 20:20:07"}
{"collection":"Order","filter":{"assignedTo":"69efb9df17b027fd92755369","status":"paid"},"level":"debug","message":"find","options":{"limit":100,"page":1,"populate":["customer","assignedTo"],"skip":0,"sort":{"createdAt":-1}},"service":"datastore","timestamp":"2026-04-28 20:21:15"}
{"collection":"Order","filter":{"assignedTo":"69efb9df17b027fd92755369","status":"paid"},"level":"debug","message":"find","options":{"limit":100,"page":1,"populate":["customer","assignedTo"],"skip":0,"sort":{"createdAt":-1}},"service":"datastore","timestamp":"2026-04-28 20:21:16"}
{"collection":"Order","filter":{"assignedTo":"69efb9df17b027fd92755369","status":"held"},"level":"debug","message":"find","options":{"limit":50,"page":1,"populate":["customer","assignedTo"],"skip":0,"sort":{"createdAt":-1}},"service":"datastore","timestamp":"2026-04-28 20:42:22"}
{"collection":"Order","filter":{"assignedTo":"69efb9df17b027fd92755369","status":"held"},"level":"debug","message":"find","options":{"limit":50,"page":1,"populate":["customer","assignedTo"],"skip":0,"sort":{"createdAt":-1}},"service":"datastore","timestamp":"2026-04-28 20:44:22"}
{"collection":"Order","filter":{"assignedTo":"69efb9df17b027fd92755369"},"level":"debug","message":"find","options":{"limit":100,"page":1,"populate":["customer","assignedTo"],"skip":0,"sort":{"createdAt":-1}},"service":"datastore","timestamp":"2026-04-28 20:51:08"}
{"collection":"Order","filter":{"assignedTo":"69efb9df17b027fd92755369"},"level":"debug","message":"find","options":{"limit":100,"page":1,"populate":["customer","assignedTo"],"skip":0,"sort":{"createdAt":-1}},"service":"datastore","timestamp":"2026-04-28 20:51:08"}
{"collection":"Order","filter":{"assignedTo":"69efb9df17b027fd92755369","status":"held"},"level":"debug","message":"find","options":{"limit":50,"page":1,"populate":["customer","assignedTo"],"skip":0,"sort":{"createdAt":-1}},"service":"datastore","timestamp":"2026-04-28 20:52:47"}
{"collection":"Order","filter":{"assignedTo":"69efb9df17b027fd92755369"},"level":"debug","message":"find","options":{"limit":100,"page":1,"populate":["customer","assignedTo"],"skip":0,"sort":{"createdAt":-1}},"service":"datastore","timestamp":"2026-04-28 20:52:51"}
{"collection":"Order","filter":{"assignedTo":"69efb9df17b027fd92755369"},"level":"debug","message":"find","options":{"limit":100,"page":1,"populate":["customer","assignedTo"],"skip":0,"sort":{"createdAt":-1}},"service":"datastore","timestamp":"2026-04-28 20:52:51"}
{"collection":"Order","filter":{"assignedTo":"69efb9df17b027fd92755369","status":"held"},"level":"debug","message":"find","options":{"limit":50,"page":1,"populate":["customer","assignedTo"],"skip":0,"sort":{"createdAt":-1}},"service":"datastore","timestamp":"2026-04-28 20:56:47"}
{"collection":"Transaction","filter":{},"level":"debug","message":"find","options":{"lean":true,"limit":100,"sort":{"date":-1}},"service":"datastore","timestamp":"2026-04-28 21:02:50"}
{"collection":"Transaction","filter":{},"level":"debug","message":"find","options":{"lean":true,"limit":100,"sort":{"date":-1}},"service":"datastore","timestamp":"2026-04-28 21:12:49"}
{"collection":"Order","filter":{"assignedTo":"69efb9df17b027fd92755369","status":"held"},"level":"debug","message":"find","options":{"limit":50,"page":1,"populate":["customer","assignedTo"],"skip":0,"sort":{"createdAt":-1}},"service":"datastore","timestamp":"2026-04-28 21:13:10"}
{"collection":"Order","filter":{"assignedTo":"69efb9df17b027fd92755369","status":"held"},"level":"debug","message":"find","options":{"limit":50,"page":1,"populate":["customer","assignedTo"],"skip":0,"sort":{"createdAt":-1}},"service":"datastore","timestamp":"2026-04-28 21:13:10"}
{"collection":"Order","filter":{"assignedTo":"69efb9df17b027fd92755369","status":"held"},"level":"debug","message":"find","options":{"limit":50,"page":1,"populate":["customer","assignedTo"],"skip":0,"sort":{"createdAt":-1}},"service":"datastore","timestamp":"2026-04-28 21:13:21"}
{"collection":"Order","filter":{"assignedTo":"69efb9df17b027fd92755369","status":"held"},"level":"debug","message":"find","options":{"limit":50,"page":1,"populate":["customer","assignedTo"],"skip":0,"sort":{"createdAt":-1}},"service":"datastore","timestamp":"2026-04-28 21:13:21"}
{"collection":"Order","filter":{"assignedTo":"69efb9df17b027fd92755369","status":"held"},"level":"debug","message":"find","options":{"limit":50,"page":1,"populate":["customer","assignedTo"],"skip":0,"sort":{"createdAt":-1}},"service":"datastore","timestamp":"2026-04-28 21:24:36"}
{"collection":"Order","filter":{"assignedTo":"69efb9df17b027fd92755369","status":"held"},"level":"debug","message":"find","options":{"limit":50,"page":1,"populate":["customer","assignedTo"],"skip":0,"sort":{"createdAt":-1}},"service":"datastore","timestamp":"2026-04-28 21:24:51"}
{"collection":"Order","filter":{"assignedTo":"69efb9df17b027fd92755369","status":"held"},"level":"debug","message":"find","options":{"limit":50,"page":1,"populate":["customer","assignedTo"],"skip":0,"sort":{"createdAt":-1}},"service":"datastore","timestamp":"2026-04-28 21:24:51"}
{"collection":"Order","filter":{"assignedTo":"69efb9df17b027fd92755369","status":"held"},"level":"debug","message":"find","options":{"limit":50,"page":1,"populate":["customer","assignedTo"],"skip":0,"sort":{"createdAt":-1}},"service":"datastore","timestamp":"2026-04-28 21:46:05"}
{"collection":"Order","filter":{"assignedTo":"69efb9df17b027fd92755369","status":"held"},"level":"debug","message":"find","options":{"limit":50,"page":1,"populate":["customer","assignedTo"],"skip":0,"sort":{"createdAt":-1}},"service":"datastore","timestamp":"2026-04-28 22:04:09"}
{"alertType":"LOW_STOCK","currentStock":9,"level":"warn","message":"Reorder alert triggered","productId":"69f0c748e9156817c08a8ca8","productName":"KC Pineaple","reorderLevel":10,"service":"datastore","timestamp":"2026-04-28 22:19:58","unit":"bottles"}
{"collection":"Order","filter":{"assignedTo":"69efb9df17b027fd92755369","status":"held"},"level":"debug","message":"find","options":{"limit":100,"page":1,"populate":["customer","assignedTo"],"skip":0,"sort":{"createdAt":-1}},"service":"datastore","timestamp":"2026-04-28 22:19:58"}
{"collection":"Order","filter":{"assignedTo":"69efb9df17b027fd92755369"},"level":"debug","message":"find","options":{"limit":100,"page":1,"populate":["customer","assignedTo"],"skip":0,"sort":{"createdAt":-1}},"service":"datastore","timestamp":"2026-04-28 22:20:40"}
{"collection":"Order","filter":{"assignedTo":"69efb9df17b027fd92755369"},"level":"debug","message":"find","options":{"limit":100,"page":1,"populate":["customer","assignedTo"],"skip":0,"sort":{"createdAt":-1}},"service":"datastore","timestamp":"2026-04-28 22:20:40"}
{"collection":"Transaction","filter":{},"level":"debug","message":"find","options":{"lean":true,"limit":100,"sort":{"date":-1}},"service":"datastore","timestamp":"2026-04-28 22:27:14"}
{"collection":"Transaction","filter":{},"level":"debug","message":"find","options":{"lean":true,"limit":100,"sort":{"date":-1}},"service":"datastore","timestamp":"2026-04-28 22:27:14"}
{"collection":"Order","filter":{"assignedTo":"69efb9df17b027fd92755369","status":"held"},"level":"debug","message":"find","options":{"limit":50,"page":1,"populate":["customer","assignedTo"],"skip":0,"sort":{"createdAt":-1}},"service":"datastore","timestamp":"2026-04-28 22:27:32"}
{"collection":"Order","filter":{"assignedTo":"69efb9df17b027fd92755369","status":"held"},"level":"debug","message":"find","options":{"limit":50,"page":1,"populate":["customer","assignedTo"],"skip":0,"sort":{"createdAt":-1}},"service":"datastore","timestamp":"2026-04-28 22:27:32"}
{"collection":"Order","filter":{"assignedTo":"69efb9df17b027fd92755369"},"level":"debug","message":"find","options":{"limit":100,"page":1,"populate":["customer","assignedTo"],"skip":0,"sort":{"createdAt":-1}},"service":"datastore","timestamp":"2026-04-28 22:27:35"}
{"collection":"Order","filter":{"assignedTo":"69efb9df17b027fd92755369"},"level":"debug","message":"find","options":{"limit":100,"page":1,"populate":["customer","assignedTo"],"skip":0,"sort":{"createdAt":-1}},"service":"datastore","timestamp":"2026-04-28 22:27:35"}
{"collection":"Order","filter":{"assignedTo":"69efb9df17b027fd92755369","status":"held"},"level":"debug","message":"find","options":{"limit":50,"page":1,"populate":["customer","assignedTo"],"skip":0,"sort":{"createdAt":-1}},"service":"datastore","timestamp":"2026-04-28 23:04:21"}
{"collection":"Order","filter":{"assignedTo":"69efb9df17b027fd92755369","status":"held"},"level":"debug","message":"find","options":{"limit":50,"page":1,"populate":["customer","assignedTo"],"skip":0,"sort":{"createdAt":-1}},"service":"datastore","timestamp":"2026-04-28 23:08:18"}
{"collection":"Order","filter":{"assignedTo":"69efb9df17b027fd92755369","status":"held"},"level":"debug","message":"find","options":{"limit":100,"page":1,"populate":["customer","assignedTo"],"skip":0,"sort":{"createdAt":-1}},"service":"datastore","timestamp":"2026-04-28 23:27:37"}
{"collection":"Order","filter":{"assignedTo":"69efb9df17b027fd92755369"},"level":"debug","message":"find","options":{"limit":100,"page":1,"populate":["customer","assignedTo"],"skip":0,"sort":{"createdAt":-1}},"service":"datastore","timestamp":"2026-04-28 23:29:56"}
{"collection":"Order","filter":{"assignedTo":"69efb9df17b027fd92755369"},"level":"debug","message":"find","options":{"limit":100,"page":1,"populate":["customer","assignedTo"],"skip":0,"sort":{"createdAt":-1}},"service":"datastore","timestamp":"2026-04-28 23:29:56"}
{"collection":"Order","filter":{"assignedTo":"69efb9df17b027fd92755369","status":"held"},"level":"debug","message":"find","options":{"limit":50,"page":1,"populate":["customer","assignedTo"],"skip":0,"sort":{"createdAt":-1}},"service":"datastore","timestamp":"2026-04-28 23:30:26"}
{"collection":"Order","filter":{"assignedTo":"69efb9df17b027fd92755369","status":"held"},"level":"debug","message":"find","options":{"limit":50,"page":1,"populate":["customer","assignedTo"],"skip":0,"sort":{"createdAt":-1}},"service":"datastore","timestamp":"2026-04-28 23:30:26"}
{"collection":"Order","filter":{"assignedTo":"69efb9df17b027fd92755369","status":"held"},"level":"debug","message":"find","options":{"limit":50,"page":1,"populate":["customer","assignedTo"],"skip":0,"sort":{"createdAt":-1}},"service":"datastore","timestamp":"2026-04-28 23:50:45"}
{"collection":"Order","filter":{"assignedTo":"69efb9df17b027fd92755369","status":"held"},"level":"debug","message":"find","options":{"limit":50,"page":1,"populate":["customer","assignedTo"],"skip":0,"sort":{"createdAt":-1}},"service":"datastore","timestamp":"2026-04-28 23:50:45"}
{"collection":"Order","filter":{"assignedTo":"69efb9df17b027fd92755366","status":"held"},"level":"debug","message":"find","options":{"limit":50,"page":1,"populate":["customer","assignedTo"],"skip":0,"sort":{"createdAt":-1}},"service":"datastore","timestamp":"2026-04-28 23:50:48"}
{"collection":"Order","filter":{"assignedTo":"69efb9df17b027fd92755366","status":"held"},"level":"debug","message":"find","options":{"limit":50,"page":1,"populate":["customer","assignedTo"],"skip":0,"sort":{"createdAt":-1}},"service":"datastore","timestamp":"2026-04-28 23:53:48"}
{"collection":"Order","filter":{"assignedTo":"69efb9df17b027fd92755367","status":"held"},"level":"debug","message":"find","options":{"limit":50,"page":1,"populate":["customer","assignedTo"],"skip":0,"sort":{"createdAt":-1}},"service":"datastore","timestamp":"2026-04-29 17:32:21"}
{"collection":"Order","filter":{"assignedTo":"69efb9df17b027fd92755367"},"level":"debug","message":"find","options":{"limit":100,"page":1,"populate":["customer","assignedTo"],"skip":0,"sort":{"createdAt":-1}},"service":"datastore","timestamp":"2026-04-29 17:32:55"}
{"collection":"Order","filter":{"assignedTo":"69efb9df17b027fd92755367"},"level":"debug","message":"find","options":{"limit":100,"page":1,"populate":["customer","assignedTo"],"skip":0,"sort":{"createdAt":-1}},"service":"datastore","timestamp":"2026-04-29 17:32:55"}
{"collection":"Order","filter":{"assignedTo":"69efb9df17b027fd92755367","status":"held"},"level":"debug","message":"find","options":{"limit":100,"page":1,"populate":["customer","assignedTo"],"skip":0,"sort":{"createdAt":-1}},"service":"datastore","timestamp":"2026-04-29 17:33:33"}
{"collection":"Order","filter":{"assignedTo":"69efb9df17b027fd92755367"},"level":"debug","message":"find","options":{"limit":100,"page":1,"populate":["customer","assignedTo"],"skip":0,"sort":{"createdAt":-1}},"service":"datastore","timestamp":"2026-04-29 17:33:48"}
{"collection":"Order","filter":{"assignedTo":"69efb9df17b027fd92755367"},"level":"debug","message":"find","options":{"limit":100,"page":1,"populate":["customer","assignedTo"],"skip":0,"sort":{"createdAt":-1}},"service":"datastore","timestamp":"2026-04-29 17:33:48"}
{"collection":"Order","filter":{"assignedTo":"69efb9df17b027fd92755367"},"level":"debug","message":"find","options":{"limit":100,"page":1,"populate":["customer","assignedTo"],"skip":0,"sort":{"createdAt":-1}},"service":"datastore","timestamp":"2026-04-29 17:39:06"}
{"collection":"Order","filter":{"assignedTo":"69efb9df17b027fd92755367"},"level":"debug","message":"find","options":{"limit":100,"page":1,"populate":["customer","assignedTo"],"skip":0,"sort":{"createdAt":-1}},"service":"datastore","timestamp":"2026-04-29 17:39:06"}
{"collection":"Order","filter":{"assignedTo":"69efb9df17b027fd92755366","status":"held"},"level":"debug","message":"find","options":{"limit":50,"page":1,"populate":["customer","assignedTo"],"skip":0,"sort":{"createdAt":-1}},"service":"datastore","timestamp":"2026-04-29 17:59:37"}
{"collection":"Order","filter":{"assignedTo":"69efb9df17b027fd92755366"},"level":"debug","message":"find","options":{"limit":100,"page":1,"populate":["customer","assignedTo"],"skip":0,"sort":{"createdAt":-1}},"service":"datastore","timestamp":"2026-04-29 18:05:19"}
{"collection":"Order","filter":{"assignedTo":"69efb9df17b027fd92755366"},"level":"debug","message":"find","options":{"limit":100,"page":1,"populate":["customer","assignedTo"],"skip":0,"sort":{"createdAt":-1}},"service":"datastore","timestamp":"2026-04-29 18:05:19"}
{"collection":"Order","filter":{"assignedTo":"69efb9df17b027fd92755366","status":"held"},"level":"debug","message":"find","options":{"limit":50,"page":1,"populate":["customer","assignedTo"],"skip":0,"sort":{"createdAt":-1}},"service":"datastore","timestamp":"2026-04-29 18:06:07"}
{"collection":"Order","filter":{"assignedTo":"69efb9df17b027fd92755366","status":"held"},"level":"debug","message":"find","options":{"limit":50,"page":1,"populate":["customer","assignedTo"],"skip":0,"sort":{"createdAt":-1}},"service":"datastore","timestamp":"2026-04-29 18:06:07"}
{"collection":"Order","filter":{"assignedTo":"69efb9df17b027fd92755366","status":"held"},"level":"debug","message":"find","options":{"limit":50,"page":1,"populate":["customer","assignedTo"],"skip":0,"sort":{"createdAt":-1}},"service":"datastore","timestamp":"2026-04-29 18:08:16"}
{"collection":"Order","filter":{"assignedTo":"69efb9df17b027fd92755366","status":"held"},"level":"debug","message":"find","options":{"limit":50,"page":1,"populate":["customer","assignedTo"],"skip":0,"sort":{"createdAt":-1}},"service":"datastore","timestamp":"2026-04-29 18:42:10"}
{"collection":"Order","filter":{"assignedTo":"69efb9df17b027fd92755366","status":"held"},"level":"debug","message":"find","options":{"limit":50,"page":1,"populate":["customer","assignedTo"],"skip":0,"sort":{"createdAt":-1}},"service":"datastore","timestamp":"2026-04-29 18:42:11"}
{"collection":"Order","filter":{"assignedTo":"69efb9df17b027fd92755367","status":"held"},"level":"debug","message":"find","options":{"limit":50,"page":1,"populate":["customer","assignedTo"],"skip":0,"sort":{"createdAt":-1}},"service":"datastore","timestamp":"2026-04-29 18:42:20"}
{"collection":"Order","filter":{"assignedTo":"69efb9df17b027fd92755366","status":"held"},"level":"debug","message":"find","options":{"limit":50,"page":1,"populate":["customer","assignedTo"],"skip":0,"sort":{"createdAt":-1}},"service":"datastore","timestamp":"2026-04-29 18:43:35"}
{"collection":"Order","filter":{"assignedTo":"69efb9df17b027fd92755366","status":"held"},"level":"debug","message":"find","options":{"limit":50,"page":1,"populate":["customer","assignedTo"],"skip":0,"sort":{"createdAt":-1}},"service":"datastore","timestamp":"2026-04-29 19:31:51"}
{"collection":"Order","filter":{"assignedTo":"69efb9df17b027fd92755366","status":"held"},"level":"debug","message":"find","options":{"limit":50,"page":1,"populate":["customer","assignedTo"],"skip":0,"sort":{"createdAt":-1}},"service":"datastore","timestamp":"2026-04-29 19:31:51"}
{"collection":"Order","filter":{"assignedTo":"69efb9df17b027fd92755366","status":"held"},"level":"debug","message":"find","options":{"limit":50,"page":1,"populate":["customer","assignedTo"],"skip":0,"sort":{"createdAt":-1}},"service":"datastore","timestamp":"2026-04-29 20:57:00"}
{"collection":"Order","filter":{"assignedTo":"69efb9df17b027fd92755366","status":"held"},"level":"debug","message":"find","options":{"limit":50,"page":1,"populate":["customer","assignedTo"],"skip":0,"sort":{"createdAt":-1}},"service":"datastore","timestamp":"2026-04-29 20:57:00"}
{"collection":"Order","filter":{"assignedTo":"69efb9df17b027fd92755366","status":"held"},"level":"debug","message":"find","options":{"limit":50,"page":1,"populate":["customer","assignedTo"],"skip":0,"sort":{"createdAt":-1}},"service":"datastore","timestamp":"2026-04-29 21:05:27"}
{"collection":"Order","filter":{"assignedTo":"69efb9df17b027fd92755366","status":"held"},"level":"debug","message":"find","options":{"limit":50,"page":1,"populate":["customer","assignedTo"],"skip":0,"sort":{"createdAt":-1}},"service":"datastore","timestamp":"2026-04-29 21:05:27"}
{"collection":"Order","filter":{"assignedTo":"69efb9df17b027fd92755366","status":"held"},"level":"debug","message":"find","options":{"limit":50,"page":1,"populate":["customer","assignedTo"],"skip":0,"sort":{"createdAt":-1}},"service":"datastore","timestamp":"2026-04-29 21:41:45"}
{"collection":"Order","filter":{"assignedTo":"69efb9df17b027fd92755366","status":"held"},"level":"debug","message":"find","options":{"limit":50,"page":1,"populate":["customer","assignedTo"],"skip":0,"sort":{"createdAt":-1}},"service":"datastore","timestamp":"2026-04-29 21:41:45"}
{"collection":"Order","filter":{"assignedTo":"69efb9df17b027fd92755366","status":"held"},"level":"debug","message":"find","options":{"limit":50,"page":1,"populate":["customer","assignedTo"],"skip":0,"sort":{"createdAt":-1}},"service":"datastore","timestamp":"2026-04-29 22:18:33"}
{"collection":"Order","filter":{"assignedTo":"69efb9df17b027fd92755366","status":"held"},"level":"debug","message":"find","options":{"limit":50,"page":1,"populate":["customer","assignedTo"],"skip":0,"sort":{"createdAt":-1}},"service":"datastore","timestamp":"2026-04-29 22:18:33"}
{"collection":"Order","filter":{"assignedTo":"69efb9df17b027fd92755366","status":"held"},"level":"debug","message":"find","options":{"limit":50,"page":1,"populate":["customer","assignedTo"],"skip":0,"sort":{"createdAt":-1}},"service":"datastore","timestamp":"2026-04-29 22:31:41"}
{"collection":"Order","filter":{"assignedTo":"69efb9df17b027fd92755366","status":"held"},"level":"debug","message":"find","options":{"limit":50,"page":1,"populate":["customer","assignedTo"],"skip":0,"sort":{"createdAt":-1}},"service":"datastore","timestamp":"2026-04-29 22:31:41"}
{"collection":"Order","filter":{"assignedTo":"69efb9df17b027fd92755366","status":"held"},"level":"debug","message":"find","options":{"limit":50,"page":1,"populate":["customer","assignedTo"],"skip":0,"sort":{"createdAt":-1}},"service":"datastore","timestamp":"2026-04-29 23:22:46"}
{"collection":"Order","filter":{"assignedTo":"69efb9df17b027fd92755366","status":"held"},"level":"debug","message":"find","options":{"limit":50,"page":1,"populate":["customer","assignedTo"],"skip":0,"sort":{"createdAt":-1}},"service":"datastore","timestamp":"2026-04-29 23:22:46"}
{"collection":"Order","filter":{"assignedTo":"69efb9df17b027fd92755366","status":"held"},"level":"debug","message":"find","options":{"limit":50,"page":1,"populate":["customer","assignedTo"],"skip":0,"sort":{"createdAt":-1}},"service":"datastore","timestamp":"2026-04-29 23:24:18"}
{"collection":"Order","filter":{"assignedTo":"69efb9df17b027fd92755366","status":"held"},"level":"debug","message":"find","options":{"limit":50,"page":1,"populate":["customer","assignedTo"],"skip":0,"sort":{"createdAt":-1}},"service":"datastore","timestamp":"2026-04-29 23:24:18"}
{"collection":"Order","filter":{"assignedTo":"69efb9df17b027fd92755366","status":"held"},"level":"debug","message":"find","options":{"limit":50,"page":1,"populate":["customer","assignedTo"],"skip":0,"sort":{"createdAt":-1}},"service":"datastore","timestamp":"2026-04-30 00:22:59"}
{"collection":"Order","filter":{"assignedTo":"69efb9df17b027fd92755366","status":"held"},"level":"debug","message":"find","options":{"limit":50,"page":1,"populate":["customer","assignedTo"],"skip":0,"sort":{"createdAt":-1}},"service":"datastore","timestamp":"2026-04-30 00:22:59"}
{"collection":"Order","filter":{"assignedTo":"69efb9df17b027fd92755366","status":"held"},"level":"debug","message":"find","options":{"limit":50,"page":1,"populate":["customer","assignedTo"],"skip":0,"sort":{"createdAt":-1}},"service":"datastore","timestamp":"2026-04-30 00:25:36"}
{"collection":"Order","filter":{"assignedTo":"69efb9df17b027fd92755366","status":"held"},"level":"debug","message":"find","options":{"limit":50,"page":1,"populate":["customer","assignedTo"],"skip":0,"sort":{"createdAt":-1}},"service":"datastore","timestamp":"2026-04-30 00:25:36"}
{"collection":"Order","filter":{"assignedTo":"69efb9df17b027fd92755366","status":"held"},"level":"debug","message":"find","options":{"limit":50,"page":1,"populate":["customer","assignedTo"],"skip":0,"sort":{"createdAt":-1}},"service":"datastore","timestamp":"2026-04-30 00:30:27"}
{"collection":"Order","filter":{"assignedTo":"69efb9df17b027fd92755366","status":"held"},"level":"debug","message":"find","options":{"limit":50,"page":1,"populate":["customer","assignedTo"],"skip":0,"sort":{"createdAt":-1}},"service":"datastore","timestamp":"2026-04-30 00:30:27"}
{"collection":"Order","filter":{"assignedTo":"69efb9df17b027fd92755366","status":"held"},"level":"debug","message":"find","options":{"limit":50,"page":1,"populate":["customer","assignedTo"],"skip":0,"sort":{"createdAt":-1}},"service":"datastore","timestamp":"2026-04-30 00:31:37"}
{"collection":"Order","filter":{"assignedTo":"69efb9df17b027fd92755366","status":"held"},"level":"debug","message":"find","options":{"limit":50,"page":1,"populate":["customer","assignedTo"],"skip":0,"sort":{"createdAt":-1}},"service":"datastore","timestamp":"2026-04-30 00:31:38"}
{"collection":"Order","filter":{"assignedTo":"69f25a48730f051dafe95b06","status":"held"},"level":"debug","message":"find","options":{"limit":50,"page":1,"populate":["customer","assignedTo"],"skip":0,"sort":{"createdAt":-1}},"service":"datastore","timestamp":"2026-04-30 00:37:42"}
{"collection":"Order","filter":{"assignedTo":"69f25a48730f051dafe95b06","status":"held"},"level":"debug","message":"find","options":{"limit":50,"page":1,"populate":["customer","assignedTo"],"skip":0,"sort":{"createdAt":-1}},"service":"datastore","timestamp":"2026-04-30 00:37:43"}
{"collection":"Order","filter":{"assignedTo":"69f25a48730f051dafe95b06","status":"held"},"level":"debug","message":"find","options":{"limit":50,"page":1,"populate":["customer","assignedTo"],"skip":0,"sort":{"createdAt":-1}},"service":"datastore","timestamp":"2026-04-30 01:37:17"}
{"collection":"Order","filter":{"assignedTo":"69f25a48730f051dafe95b06","status":"held"},"level":"debug","message":"find","options":{"limit":50,"page":1,"populate":["customer","assignedTo"],"skip":0,"sort":{"createdAt":-1}},"service":"datastore","timestamp":"2026-04-30 01:37:17"}
{"collection":"Order","filter":{"assignedTo":"69f25a48730f051dafe95b06","status":"held"},"level":"debug","message":"find","options":{"limit":100,"page":1,"populate":["customer","assignedTo"],"skip":0,"sort":{"createdAt":-1}},"service":"datastore","timestamp":"2026-04-30 01:39:13"}
{"collection":"Order","filter":{"assignedTo":"69f25a48730f051dafe95b06"},"level":"debug","message":"find","options":{"limit":100,"page":1,"populate":["customer","assignedTo"],"skip":0,"sort":{"createdAt":-1}},"service":"datastore","timestamp":"2026-04-30 01:39:22"}
{"collection":"Order","filter":{"assignedTo":"69f25a48730f051dafe95b06"},"level":"debug","message":"find","options":{"limit":100,"page":1,"populate":["customer","assignedTo"],"skip":0,"sort":{"createdAt":-1}},"service":"datastore","timestamp":"2026-04-30 01:39:22"}
{"collection":"Order","filter":{"assignedTo":"69f25a48730f051dafe95b06"},"level":"debug","message":"find","options":{"limit":100,"page":1,"populate":["customer","assignedTo"],"skip":0,"sort":{"createdAt":-1}},"service":"datastore","timestamp":"2026-04-30 01:51:25"}
{"collection":"Order","filter":{"assignedTo":"69f25a48730f051dafe95b06"},"level":"debug","message":"find","options":{"limit":100,"page":1,"populate":["customer","assignedTo"],"skip":0,"sort":{"createdAt":-1}},"service":"datastore","timestamp":"2026-04-30 01:51:25"}
{"collection":"Order","filter":{"assignedTo":"69f25a48730f051dafe95b06","status":"held"},"level":"debug","message":"find","options":{"limit":50,"page":1,"populate":["customer","assignedTo"],"skip":0,"sort":{"createdAt":-1}},"service":"datastore","timestamp":"2026-04-30 16:08:34"}
{"collection":"Order","filter":{"assignedTo":"69f25a48730f051dafe95b06","status":"held"},"level":"debug","message":"find","options":{"limit":50,"page":1,"populate":["customer","assignedTo"],"skip":0,"sort":{"createdAt":-1}},"service":"datastore","timestamp":"2026-04-30 16:13:54"}
{"collection":"Order","filter":{"assignedTo":"69f25a48730f051dafe95b06","status":"held"},"level":"debug","message":"find","options":{"limit":50,"page":1,"populate":["customer","assignedTo"],"skip":0,"sort":{"createdAt":-1}},"service":"datastore","timestamp":"2026-04-30 16:13:54"}
{"collection":"Order","filter":{"assignedTo":"69f25a48730f051dafe95b06","status":"held"},"level":"debug","message":"find","options":{"limit":100,"page":1,"populate":["customer","assignedTo"],"skip":0,"sort":{"createdAt":-1}},"service":"datastore","timestamp":"2026-04-30 16:14:13"}
{"collection":"Order","filter":{"assignedTo":"69f25a48730f051dafe95b06"},"level":"debug","message":"find","options":{"limit":100,"page":1,"populate":["customer","assignedTo"],"skip":0,"sort":{"createdAt":-1}},"service":"datastore","timestamp":"2026-04-30 16:14:18"}
{"collection":"Order","filter":{"assignedTo":"69f25a48730f051dafe95b06"},"level":"debug","message":"find","options":{"limit":100,"page":1,"populate":["customer","assignedTo"],"skip":0,"sort":{"createdAt":-1}},"service":"datastore","timestamp":"2026-04-30 16:14:18"}
{"collection":"Order","filter":{"assignedTo":"69f25a48730f051dafe95b06","status":"held"},"level":"debug","message":"find","options":{"limit":50,"page":1,"populate":["customer","assignedTo"],"skip":0,"sort":{"createdAt":-1}},"service":"datastore","timestamp":"2026-04-30 16:16:32"}
{"collection":"Order","filter":{"assignedTo":"69f25a48730f051dafe95b06"},"level":"debug","message":"find","options":{"limit":100,"page":1,"populate":["customer","assignedTo"],"skip":0,"sort":{"createdAt":-1}},"service":"datastore","timestamp":"2026-04-30 16:20:24"}
{"collection":"Order","filter":{"assignedTo":"69f25a48730f051dafe95b06"},"level":"debug","message":"find","options":{"limit":100,"page":1,"populate":["customer","assignedTo"],"skip":0,"sort":{"createdAt":-1}},"service":"datastore","timestamp":"2026-04-30 16:20:24"}
{"collection":"Order","filter":{"assignedTo":"69f25a48730f051dafe95b06"},"level":"debug","message":"find","options":{"limit":100,"page":1,"populate":["customer","assignedTo"],"skip":0,"sort":{"createdAt":-1}},"service":"datastore","timestamp":"2026-04-30 16:21:05"}
{"collection":"Order","filter":{"assignedTo":"69f25a48730f051dafe95b06"},"level":"debug","message":"find","options":{"limit":100,"page":1,"populate":["customer","assignedTo"],"skip":0,"sort":{"createdAt":-1}},"service":"datastore","timestamp":"2026-04-30 16:21:05"}
{"collection":"Order","filter":{"assignedTo":"69f25a48730f051dafe95b06"},"level":"debug","message":"find","options":{"limit":100,"page":1,"populate":["customer","assignedTo"],"skip":0,"sort":{"createdAt":-1}},"service":"datastore","timestamp":"2026-04-30 16:23:19"}
{"alertType":"LOW_STOCK","currentStock":5,"level":"warn","message":"Reorder alert triggered","productId":"69f0c748e9156817c08a8ca8","productName":"KC Pineaple","reorderLevel":10,"service":"datastore","timestamp":"2026-04-30 16:28:00","unit":"bottles"}
{"collection":"Order","filter":{"assignedTo":"69f25a48730f051dafe95b06","status":"held"},"level":"debug","message":"find","options":{"limit":100,"page":1,"populate":["customer","assignedTo"],"skip":0,"sort":{"createdAt":-1}},"service":"datastore","timestamp":"2026-04-30 16:28:00"}
{"collection":"Order","filter":{"assignedTo":"69f25a48730f051dafe95b06"},"level":"debug","message":"find","options":{"limit":100,"page":1,"populate":["customer","assignedTo"],"skip":0,"sort":{"createdAt":-1}},"service":"datastore","timestamp":"2026-04-30 16:28:09"}
{"collection":"Order","filter":{"assignedTo":"69f25a48730f051dafe95b06"},"level":"debug","message":"find","options":{"limit":100,"page":1,"populate":["customer","assignedTo"],"skip":0,"sort":{"createdAt":-1}},"service":"datastore","timestamp":"2026-04-30 16:28:09"}
{"collection":"Order","filter":{"assignedTo":"69f25a48730f051dafe95b06","status":"held"},"level":"debug","message":"find","options":{"limit":100,"page":1,"populate":["customer","assignedTo"],"skip":0,"sort":{"createdAt":-1}},"service":"datastore","timestamp":"2026-04-30 16:29:07"}
{"collection":"Order","filter":{"assignedTo":"69f25a48730f051dafe95b06"},"level":"debug","message":"find","options":{"limit":100,"page":1,"populate":["customer","assignedTo"],"skip":0,"sort":{"createdAt":-1}},"service":"datastore","timestamp":"2026-04-30 16:29:16"}
{"collection":"Order","filter":{"assignedTo":"69f25a48730f051dafe95b06"},"level":"debug","message":"find","options":{"limit":100,"page":1,"populate":["customer","assignedTo"],"skip":0,"sort":{"createdAt":-1}},"service":"datastore","timestamp":"2026-04-30 16:29:16"}
{"available":0,"level":"warn","message":"Insufficient stock for sale","productId":"69efb9df17b027fd92755356","productName":"Moet & Chandon","requested":1,"service":"datastore","timestamp":"2026-04-30 16:30:45"}
{"level":"warn","message":"Manual rollback performed (non-transactional mode)","orderId":"ORD-1777555845655PT8B","previousStocksCount":0,"service":"datastore","timestamp":"2026-04-30 16:30:45"}
{"available":0,"level":"warn","message":"Insufficient stock for sale","productId":"69efb9df17b027fd92755356","productName":"Moet & Chandon","requested":1,"service":"datastore","timestamp":"2026-04-30 16:30:45"}
{"level":"warn","message":"Manual rollback performed (non-transactional mode)","orderId":"ORD-1777555845793R592","previousStocksCount":0,"service":"datastore","timestamp":"2026-04-30 16:30:45"}
{"available":0,"level":"warn","message":"Insufficient stock for sale","productId":"69efb9df17b027fd92755356","productName":"Moet & Chandon","requested":1,"service":"datastore","timestamp":"2026-04-30 16:30:46"}
{"level":"warn","message":"Manual rollback performed (non-transactional mode)","orderId":"ORD-17775558460424QU1","previousStocksCount":0,"service":"datastore","timestamp":"2026-04-30 16:30:46"}
{"collection":"Order","filter":{"assignedTo":"69f25a48730f051dafe95b06","status":"held"},"level":"debug","message":"find","options":{"limit":50,"page":1,"populate":["customer","assignedTo"],"skip":0,"sort":{"createdAt":-1}},"service":"datastore","timestamp":"2026-04-30 16:33:25"}
{"collection":"Order","filter":{"assignedTo":"69f25a48730f051dafe95b06","status":"held"},"level":"debug","message":"find","options":{"limit":50,"page":1,"populate":["customer","assignedTo"],"skip":0,"sort":{"createdAt":-1}},"service":"datastore","timestamp":"2026-04-30 16:33:36"}
{"collection":"Order","filter":{"assignedTo":"69f25a48730f051dafe95b06","status":"held"},"level":"debug","message":"find","options":{"limit":50,"page":1,"populate":["customer","assignedTo"],"skip":0,"sort":{"createdAt":-1}},"service":"datastore","timestamp":"2026-04-30 16:36:13"}
{"available":0,"level":"warn","message":"Insufficient stock for sale","productId":"69efb9df17b027fd92755356","productName":"Moet & Chandon","requested":1,"service":"datastore","timestamp":"2026-04-30 17:04:19"}
{"level":"warn","message":"Manual rollback performed (non-transactional mode)","orderId":"ORD-1777557859290D86O","previousStocksCount":0,"service":"datastore","timestamp":"2026-04-30 17:04:19"}
{"available":0,"level":"warn","message":"Insufficient stock for sale","productId":"69efb9df17b027fd92755356","productName":"Moet & Chandon","requested":1,"service":"datastore","timestamp":"2026-04-30 17:04:19"}
{"level":"warn","message":"Manual rollback performed (non-transactional mode)","orderId":"ORD-1777557859448GDDJ","previousStocksCount":0,"service":"datastore","timestamp":"2026-04-30 17:04:19"}
{"available":0,"level":"warn","message":"Insufficient stock for sale","productId":"69efb9df17b027fd92755356","productName":"Moet & Chandon","requested":1,"service":"datastore","timestamp":"2026-04-30 17:04:19"}
{"level":"warn","message":"Manual rollback performed (non-transactional mode)","orderId":"ORD-17775578596952SVO","previousStocksCount":0,"service":"datastore","timestamp":"2026-04-30 17:04:19"}
{"collection":"Order","filter":{"assignedTo":"69f25a48730f051dafe95b06","status":"held"},"level":"debug","message":"find","options":{"limit":50,"page":1,"populate":["customer","assignedTo"],"skip":0,"sort":{"createdAt":-1}},"service":"datastore","timestamp":"2026-04-30 17:04:34"}
{"collection":"Order","filter":{"assignedTo":"69f25a48730f051dafe95b06","status":"held"},"level":"debug","message":"find","options":{"limit":50,"page":1,"populate":["customer","assignedTo"],"skip":0,"sort":{"createdAt":-1}},"service":"datastore","timestamp":"2026-04-30 17:04:34"}
{"collection":"Order","filter":{"assignedTo":"69f25a48730f051dafe95b06","status":"held"},"level":"debug","message":"find","options":{"limit":100,"page":1,"populate":["customer","assignedTo"],"skip":0,"sort":{"createdAt":-1}},"service":"datastore","timestamp":"2026-04-30 17:04:56"}
{"alertType":"LOW_STOCK","currentStock":4,"level":"warn","message":"Reorder alert triggered","productId":"69f0c748e9156817c08a8ca8","productName":"KC Pineaple","reorderLevel":10,"service":"datastore","timestamp":"2026-04-30 17:05:35","unit":"bottles"}
{"collection":"Order","filter":{"assignedTo":"69f25a48730f051dafe95b06","status":"held"},"level":"debug","message":"find","options":{"limit":100,"page":1,"populate":["customer","assignedTo"],"skip":0,"sort":{"createdAt":-1}},"service":"datastore","timestamp":"2026-04-30 17:05:35"}
{"collection":"Order","filter":{"assignedTo":"69f25a48730f051dafe95b06","status":"held"},"level":"debug","message":"find","options":{"limit":50,"page":1,"populate":["customer","assignedTo"],"skip":0,"sort":{"createdAt":-1}},"service":"datastore","timestamp":"2026-05-02 13:23:49"}
{"collection":"Order","filter":{"assignedTo":"69f25a48730f051dafe95b06","status":"held"},"level":"debug","message":"find","options":{"limit":50,"page":1,"populate":["customer","assignedTo"],"skip":0,"sort":{"createdAt":-1}},"service":"datastore","timestamp":"2026-05-02 13:23:49"}
{"alertType":"LOW_STOCK","currentStock":7,"level":"warn","message":"Reorder alert triggered","productId":"69efb9df17b027fd92755359","productName":"Hennessy VS","reorderLevel":10,"service":"datastore","timestamp":"2026-05-02 13:24:43","unit":"bottles"}
{"collection":"Order","filter":{"assignedTo":"69f25a48730f051dafe95b06","status":"held"},"level":"debug","message":"find","options":{"limit":100,"page":1,"populate":["customer","assignedTo"],"skip":0,"sort":{"createdAt":-1}},"service":"datastore","timestamp":"2026-05-02 13:24:43"}
{"alertType":"LOW_STOCK","currentStock":9.833333333333334,"level":"warn","message":"Reorder alert triggered","productId":"69f5cece26fcc04ccdf5da44","productName":"Guarana","reorderLevel":10,"service":"datastore","timestamp":"2026-05-02 13:28:48","unit":"bottles"}
{"collection":"Order","filter":{"assignedTo":"69f25a48730f051dafe95b06","status":"held"},"level":"debug","message":"find","options":{"limit":100,"page":1,"populate":["customer","assignedTo"],"skip":0,"sort":{"createdAt":-1}},"service":"datastore","timestamp":"2026-05-02 13:28:48"}
{"collection":"Order","filter":{"assignedTo":"69f25a48730f051dafe95b06","status":"held"},"level":"debug","message":"find","options":{"limit":50,"page":1,"populate":["customer","assignedTo"],"skip":0,"sort":{"createdAt":-1}},"service":"datastore","timestamp":"2026-05-02 13:50:30"}
{"collection":"Order","filter":{"assignedTo":"69f25a48730f051dafe95b06","status":"held"},"level":"debug","message":"find","options":{"limit":50,"page":1,"populate":["customer","assignedTo"],"skip":0,"sort":{"createdAt":-1}},"service":"datastore","timestamp":"2026-05-02 13:57:36"}
{"collection":"Order","filter":{"assignedTo":"69f25a48730f051dafe95b06","status":"held"},"level":"debug","message":"find","options":{"limit":100,"page":1,"populate":["customer","assignedTo"],"skip":0,"sort":{"createdAt":-1}},"service":"datastore","timestamp":"2026-05-02 13:59:01"}
{"collection":"Order","filter":{"assignedTo":"69f25a48730f051dafe95b06","status":"held"},"level":"debug","message":"find","options":{"limit":50,"page":1,"populate":["customer","assignedTo"],"skip":0,"sort":{"createdAt":-1}},"service":"datastore","timestamp":"2026-05-02 14:01:45"}
{"collection":"Order","filter":{"assignedTo":"69f25a48730f051dafe95b06","status":"held"},"level":"debug","message":"find","options":{"limit":50,"page":1,"populate":["customer","assignedTo"],"skip":0,"sort":{"createdAt":-1}},"service":"datastore","timestamp":"2026-05-02 14:09:14"}
{"collection":"Order","filter":{"assignedTo":"69f25a48730f051dafe95b06","status":"held"},"level":"debug","message":"find","options":{"limit":50,"page":1,"populate":["customer","assignedTo"],"skip":0,"sort":{"createdAt":-1}},"service":"datastore","timestamp":"2026-05-02 14:09:56"}
{"collection":"Order","filter":{"assignedTo":"69f25a48730f051dafe95b06","status":"held"},"level":"debug","message":"find","options":{"limit":50,"page":1,"populate":["customer","assignedTo"],"skip":0,"sort":{"createdAt":-1}},"service":"datastore","timestamp":"2026-05-02 14:11:41"}
{"collection":"Order","filter":{"assignedTo":"69f25a48730f051dafe95b06","status":"held"},"level":"debug","message":"find","options":{"limit":50,"page":1,"populate":["customer","assignedTo"],"skip":0,"sort":{"createdAt":-1}},"service":"datastore","timestamp":"2026-05-02 14:15:56"}
{"collection":"Order","filter":{"assignedTo":"69f25a48730f051dafe95b06","status":"held"},"level":"debug","message":"find","options":{"limit":50,"page":1,"populate":["customer","assignedTo"],"skip":0,"sort":{"createdAt":-1}},"service":"datastore","timestamp":"2026-05-02 14:17:27"}
{"collection":"Order","filter":{"assignedTo":"69f25a48730f051dafe95b06","status":"held"},"level":"debug","message":"find","options":{"limit":50,"page":1,"populate":["customer","assignedTo"],"skip":0,"sort":{"createdAt":-1}},"service":"datastore","timestamp":"2026-05-02 14:17:28"}
{"collection":"Order","filter":{"assignedTo":"69f25a48730f051dafe95b06","status":"held"},"level":"debug","message":"find","options":{"limit":50,"page":1,"populate":["customer","assignedTo"],"skip":0,"sort":{"createdAt":-1}},"service":"datastore","timestamp":"2026-05-02 14:18:46"}
{"collection":"Order","filter":{"assignedTo":"69f25a48730f051dafe95b06","status":"held"},"level":"debug","message":"find","options":{"limit":50,"page":1,"populate":["customer","assignedTo"],"skip":0,"sort":{"createdAt":-1}},"service":"datastore","timestamp":"2026-05-02 14:21:41"}
{"collection":"Order","filter":{"assignedTo":"69f25a48730f051dafe95b06","status":"held"},"level":"debug","message":"find","options":{"limit":50,"page":1,"populate":["customer","assignedTo"],"skip":0,"sort":{"createdAt":-1}},"service":"datastore","timestamp":"2026-05-02 14:23:47"}
{"collection":"Order","filter":{"assignedTo":"69f25a48730f051dafe95b06","status":"held"},"level":"debug","message":"find","options":{"limit":50,"page":1,"populate":["customer","assignedTo"],"skip":0,"sort":{"createdAt":-1}},"service":"datastore","timestamp":"2026-05-02 14:28:48"}
