{"errors":[{"message":"Invalid input: expected string, received number","path":"customerId"}],"level":"warn","message":"Order creation validation failed","payload":{"assignedTo":"69efb9df17b027fd92755369","customerId":1,"items":[{"category":"Beer","conversionFactor":1,"name":"Guinness","price":2500,"productId":"69efb9df17b027fd9275535b","quantity":1,"unit":"crates","unitPrice":2500}],"paymentMethod":"cash","status":"held","userId":"69efb9df17b027fd9275536a","userName":"Super Admin"},"service":"transactions","timestamp":"2026-04-28 18:18:38"}
{"errors":[{"message":"Invalid input: expected string, received number","path":"customerId"}],"level":"warn","message":"Order creation validation failed","payload":{"assignedTo":"69efb9df17b027fd92755369","customerId":1,"items":[{"category":"Beer","conversionFactor":1,"name":"Guinness","price":2500,"productId":"69efb9df17b027fd9275535b","quantity":1,"unit":"crates","unitPrice":2500}],"paymentMethod":"cash","status":"held","userId":"69efb9df17b027fd9275536a","userName":"Super Admin"},"service":"transactions","timestamp":"2026-04-28 18:32:21"}
{"attempt":1,"level":"info","message":"transaction_started","operation":"create_order_with_inventory","service":"transactions","timestamp":"2026-04-28T15:38:56.298Z","transactionId":"tx_moisjxd6_japb98","userId":"69efb9df17b027fd9275536a"}
{"level":"warn","message":"MongoDB not running as replica set - transactions disabled for tx_moisjxd6_japb98","service":"transactions","timestamp":"2026-04-28 18:38:56"}
{"durationMs":94,"level":"info","message":"Order created successfully","orderId":"ORD-1777390736301R82A","service":"transactions","timestamp":"2026-04-28 18:38:56","total":2900,"transactionId":"tx_moisjxd6_japb98","userId":"69efb9df17b027fd9275536a"}
{"errors":[{"message":"Invalid input: expected string, received undefined","path":"items.0.productId"},{"message":"Invalid input: expected number, received undefined","path":"items.0.price"}],"level":"warn","message":"Order creation validation failed","payload":{"assignedTo":"69efb9df17b027fd92755369","customerId":"69efb9df17b027fd92755346","items":[{"category":"Beer","conversionFactor":1,"name":"Guinness","quantity":1,"unit":"crates","unitPrice":2500}],"paymentMethod":"cash","status":"held","userId":"69efb9df17b027fd9275536a","userName":"Super Admin"},"service":"transactions","timestamp":"2026-04-28 18:45:25"}
{"errors":[{"message":"Invalid input: expected string, received number","path":"customerId"}],"level":"warn","message":"Order creation validation failed","payload":{"assignedTo":"69efb9df17b027fd92755369","customerId":1,"items":[{"category":"Beer","conversionFactor":1,"name":"Heineken Draft","price":3500,"productId":"69efb9df17b027fd9275535a","quantity":1,"unit":"kegs","unitPrice":3500}],"paymentMethod":"cash","status":"held","userId":"69efb9df17b027fd9275536a","userName":"Super Admin"},"service":"transactions","timestamp":"2026-04-28 20:44:12"}
{"attempt":1,"level":"info","message":"transaction_started","operation":"close_shift","service":"transactions","timestamp":"2026-04-28T17:56:44.341Z","transactionId":"tx_moixh511_uj6r0g","userId":"69efb9df17b027fd92755369"}
{"level":"warn","message":"MongoDB not running as replica set - transactions disabled for tx_moixh511_uj6r0g","service":"transactions","timestamp":"2026-04-28 20:56:44"}
{"durationMs":74,"level":"info","message":"Shift closed successfully","reconciliationId":"REC-1777399004362-VMAV","service":"transactions","shift":"Evening","staffId":"69efb9df17b027fd92755369","timestamp":"2026-04-28 20:56:44","totalOrders":0,"totalSales":0}
{"errors":[{"message":"Invalid input: expected date, received string","path":"date"}],"level":"warn","message":"Transaction creation validation failed","payload":{"amount":50000,"category":"Rent","date":"2026-04-28","description":"rent for july 2026","status":"Completed","type":"income","userId":"current-user","userName":"System"},"service":"transactions","timestamp":"2026-04-28 21:12:42"}
{"errors":[{"message":"Invalid input: expected string, received number","path":"customerId"}],"level":"warn","message":"Order creation validation failed","payload":{"assignedTo":"69efb9df17b027fd92755369","customerId":1,"items":[{"category":"Beer","conversionFactor":1,"name":"Guinness","price":2500,"productId":"69efb9df17b027fd9275535b","quantity":1,"unit":"crates","unitPrice":2500}],"paymentMethod":"mpesa","status":"paid","userId":"69efb9df17b027fd9275536a","userName":"Super Admin"},"service":"transactions","timestamp":"2026-04-28 21:38:34"}
{"errors":[{"message":"Invalid input: expected string, received number","path":"customerId"}],"level":"warn","message":"Order creation validation failed","payload":{"assignedTo":"69efb9df17b027fd92755369","customerId":1,"items":[{"category":"Beer","conversionFactor":1,"name":"Guinness","price":2500,"productId":"69efb9df17b027fd9275535b","quantity":1,"unit":"crates","unitPrice":2500}],"paymentMethod":"mpesa","status":"paid","userId":"69efb9df17b027fd9275536a","userName":"Super Admin"},"service":"transactions","timestamp":"2026-04-28 21:46:21"}
{"errors":[{"message":"Invalid input: expected string, received number","path":"customerId"}],"level":"warn","message":"Order creation validation failed","payload":{"assignedTo":"69efb9df17b027fd92755369","customerId":1,"items":[{"category":"Beer","conversionFactor":1,"name":"Guinness","price":2500,"productId":"69efb9df17b027fd9275535b","quantity":1,"unit":"crates","unitPrice":2500}],"paymentMethod":"mpesa","status":"paid","userId":"69efb9df17b027fd9275536a","userName":"Super Admin"},"service":"transactions","timestamp":"2026-04-28 21:47:44"}
{"errors":[{"message":"Invalid input: expected string, received number","path":"customerId"}],"level":"warn","message":"Order creation validation failed","payload":{"assignedTo":"69efb9df17b027fd92755369","customerId":1,"items":[{"category":"Beer","conversionFactor":1,"name":"Guinness","price":2500,"productId":"69efb9df17b027fd9275535b","quantity":1,"unit":"crates","unitPrice":2500}],"paymentMethod":"mpesa","status":"paid","userId":"69efb9df17b027fd9275536a","userName":"Super Admin"},"service":"transactions","timestamp":"2026-04-28 21:53:54"}
{"errors":[{"message":"Invalid input: expected string, received number","path":"customerId"}],"level":"warn","message":"Order creation validation failed","payload":{"assignedTo":"69efb9df17b027fd92755369","customerId":1,"items":[{"category":"Beer","conversionFactor":1,"name":"Guinness","price":2500,"productId":"69efb9df17b027fd9275535b","quantity":1,"unit":"crates","unitPrice":2500}],"paymentMethod":"mpesa","status":"paid","userId":"69efb9df17b027fd9275536a","userName":"Super Admin"},"service":"transactions","timestamp":"2026-04-28 21:58:01"}
{"errors":[{"message":"Invalid input: expected string, received number","path":"customerId"}],"level":"warn","message":"Order creation validation failed","payload":{"assignedTo":"69efb9df17b027fd92755369","customerId":1,"items":[{"category":"Beer","conversionFactor":1,"name":"Guinness","price":2500,"productId":"69efb9df17b027fd9275535b","quantity":1,"unit":"crates","unitPrice":2500}],"paymentMethod":"mpesa","status":"paid","userId":"69efb9df17b027fd9275536a","userName":"Super Admin"},"service":"transactions","timestamp":"2026-04-28 22:03:57"}
{"errors":[{"message":"Invalid input: expected string, received number","path":"customerId"}],"level":"warn","message":"Order creation validation failed","payload":{"assignedTo":"69efb9df17b027fd92755369","customerId":1,"items":[{"category":"Beer","conversionFactor":1,"name":"Guinness","price":2500,"productId":"69efb9df17b027fd9275535b","quantity":1,"unit":"crates","unitPrice":2500}],"paymentMethod":"cash","status":"paid","userId":"69efb9df17b027fd9275536a","userName":"Super Admin"},"service":"transactions","timestamp":"2026-04-28 22:05:05"}
{"attempt":1,"level":"info","message":"transaction_started","operation":"create_order_with_inventory","service":"transactions","timestamp":"2026-04-28T19:19:58.387Z","transactionId":"tx_moj0g6gj_f7adsl","userId":"69efb9df17b027fd9275536a"}
{"level":"warn","message":"MongoDB not running as replica set - transactions disabled for tx_moj0g6gj_f7adsl","service":"transactions","timestamp":"2026-04-28 22:19:58"}
{"durationMs":348,"level":"info","message":"Order created successfully","orderId":"ORD-1777403998398J0WT","service":"transactions","timestamp":"2026-04-28 22:19:58","total":406,"transactionId":"tx_moj0g6gj_f7adsl","userId":"69efb9df17b027fd9275536a"}
{"errors":[{"message":"Invalid input: expected string, received number","path":"customerId"}],"level":"warn","message":"Order creation validation failed","payload":{"assignedTo":"69efb9df17b027fd92755369","customerId":1,"items":[{"category":"Beer","conversionFactor":1,"name":"Guinness","price":2500,"productId":"69efb9df17b027fd9275535b","quantity":1,"unit":"crates","unitPrice":2500}],"paymentMethod":"cash","status":"paid","userId":"69efb9df17b027fd9275536a","userName":"Super Admin"},"service":"transactions","timestamp":"2026-04-28 22:39:54"}
{"attempt":1,"level":"info","message":"transaction_started","operation":"create_order_with_inventory","service":"transactions","timestamp":"2026-04-28T19:47:23.002Z","transactionId":"tx_moj1ffga_pwylrj","userId":"69efb9df17b027fd9275536a"}
{"level":"warn","message":"MongoDB not running as replica set - transactions disabled for tx_moj1ffga_pwylrj","service":"transactions","timestamp":"2026-04-28 22:47:23"}
{"attempt":1,"durationMs":20,"error":"Order validation failed: customer: Path `customer` is required.","level":"info","message":"transaction_failed","operation":"create_order_with_inventory","retryable":true,"service":"transactions","timestamp":"2026-04-28T19:47:23.024Z","transactionId":"tx_moj1ffga_pwylrj","type":"unknown"}
{"attempt":1,"delayMs":100,"level":"info","message":"transaction_retrying","service":"transactions","timestamp":"2026-04-28T19:47:23.025Z","transactionId":"tx_moj1ffga_pwylrj"}
{"attempt":2,"level":"info","message":"transaction_started","operation":"create_order_with_inventory","service":"transactions","timestamp":"2026-04-28T19:47:23.140Z","transactionId":"tx_moj1ffga_pwylrj","userId":"69efb9df17b027fd9275536a"}
{"level":"warn","message":"MongoDB not running as replica set - transactions disabled for tx_moj1ffga_pwylrj","service":"transactions","timestamp":"2026-04-28 22:47:23"}
{"attempt":2,"durationMs":6,"error":"Order validation failed: customer: Path `customer` is required.","level":"info","message":"transaction_failed","operation":"create_order_with_inventory","retryable":true,"service":"transactions","timestamp":"2026-04-28T19:47:23.146Z","transactionId":"tx_moj1ffga_pwylrj","type":"unknown"}
{"attempt":2,"delayMs":200,"level":"info","message":"transaction_retrying","service":"transactions","timestamp":"2026-04-28T19:47:23.147Z","transactionId":"tx_moj1ffga_pwylrj"}
{"attempt":3,"level":"info","message":"transaction_started","operation":"create_order_with_inventory","service":"transactions","timestamp":"2026-04-28T19:47:23.362Z","transactionId":"tx_moj1ffga_pwylrj","userId":"69efb9df17b027fd9275536a"}
{"level":"warn","message":"MongoDB not running as replica set - transactions disabled for tx_moj1ffga_pwylrj","service":"transactions","timestamp":"2026-04-28 22:47:23"}
{"attempt":3,"durationMs":3,"error":"Order validation failed: customer: Path `customer` is required.","level":"info","message":"transaction_failed","operation":"create_order_with_inventory","retryable":true,"service":"transactions","timestamp":"2026-04-28T19:47:23.365Z","transactionId":"tx_moj1ffga_pwylrj","type":"unknown"}
{"attempts":3,"error":"Order validation failed: customer: Path `customer` is required.","level":"error","message":"Order creation failed after retries","operation":"create_order_with_inventory","service":"transactions","timestamp":"2026-04-28 22:47:23","transactionId":"tx_moj1ffga_pwylrj"}
{"level":"warn","message":"MongoDB not running as replica set - using best effort for tx_1777408056558_vozt","service":"transactions","timestamp":"2026-04-28 23:27:36"}
{"amount":2900,"level":"info","message":"payment_processed","orderId":"ORD-1777390736301R82A","paymentId":"PAY-1777408056608-FUB69","service":"transactions","timestamp":"2026-04-28T20:27:36.846Z","transactionId":"tx_1777408056558_vozt","userId":"69efb9df17b027fd9275536a"}
{"amount":2900,"level":"info","message":"Payment processed successfully","method":"cash","orderId":"ORD-1777390736301R82A","paymentId":"PAY-1777408056608-FUB69","service":"transactions","timestamp":"2026-04-28 23:27:36","userId":"69efb9df17b027fd9275536a"}
{"attempt":1,"level":"info","message":"transaction_started","operation":"create_order_with_inventory","service":"transactions","timestamp":"2026-04-29T14:33:33.025Z","transactionId":"tx_mok5not9_v7ar2z","userId":"69efb9df17b027fd9275536a"}
{"level":"warn","message":"MongoDB not running as replica set - transactions disabled for tx_mok5not9_v7ar2z","service":"transactions","timestamp":"2026-04-29 17:33:33"}
{"durationMs":349,"level":"info","message":"Order created successfully","orderId":"ORD-17774732130733EIG","service":"transactions","timestamp":"2026-04-29 17:33:33","total":2500,"transactionId":"tx_mok5not9_v7ar2z","userId":"69efb9df17b027fd9275536a"}
{"attempt":1,"level":"info","message":"transaction_started","operation":"create_order_with_inventory","service":"transactions","timestamp":"2026-04-29T22:39:13.150Z","transactionId":"tx_mokn09ha_pr5mem","userId":"69efb9df17b027fd9275536a"}
{"level":"warn","message":"MongoDB not running as replica set - transactions disabled for tx_mokn09ha_pr5mem","service":"transactions","timestamp":"2026-04-30 01:39:13"}
{"durationMs":124,"level":"info","message":"Order created successfully","orderId":"ORD-1777502353164EZM2","service":"transactions","timestamp":"2026-04-30 01:39:13","total":2500,"transactionId":"tx_mokn09ha_pr5mem","userId":"69efb9df17b027fd9275536a"}
{"attempt":1,"level":"info","message":"transaction_started","operation":"create_order_with_inventory","service":"transactions","timestamp":"2026-04-30T13:14:13.375Z","transactionId":"tx_moli9iwv_rxrsok","userId":"69efb9df17b027fd9275536a"}
{"level":"warn","message":"MongoDB not running as replica set - transactions disabled for tx_moli9iwv_rxrsok","service":"transactions","timestamp":"2026-04-30 16:14:13"}
{"durationMs":84,"level":"info","message":"Order created successfully","orderId":"ORD-1777554853377NEPT","service":"transactions","timestamp":"2026-04-30 16:14:13","total":2500,"transactionId":"tx_moli9iwv_rxrsok","userId":"69efb9df17b027fd9275536a"}
{"attempt":1,"level":"info","message":"transaction_started","operation":"close_shift","service":"transactions","timestamp":"2026-04-30T13:16:28.508Z","transactionId":"tx_molicf6j_64ayid","userId":"69f25a48730f051dafe95b06"}
{"level":"warn","message":"MongoDB not running as replica set - transactions disabled for tx_molicf6j_64ayid","service":"transactions","timestamp":"2026-04-30 16:16:28"}
{"durationMs":54,"level":"info","message":"Shift closed successfully","reconciliationId":"REC-1777554988538-F5C9","service":"transactions","shift":"Evening","staffId":"69f25a48730f051dafe95b06","timestamp":"2026-04-30 16:16:28","totalOrders":1,"totalSales":2500}
{"attempt":1,"level":"info","message":"transaction_started","operation":"create_order_with_inventory","service":"transactions","timestamp":"2026-04-30T13:28:00.582Z","transactionId":"tx_molir96u_cy6muu","userId":"69efb9df17b027fd9275536a"}
{"level":"warn","message":"MongoDB not running as replica set - transactions disabled for tx_molir96u_cy6muu","service":"transactions","timestamp":"2026-04-30 16:28:00"}
{"durationMs":72,"level":"info","message":"Order created successfully","orderId":"ORD-17775556805849DKS","service":"transactions","timestamp":"2026-04-30 16:28:00","total":90,"transactionId":"tx_molir96u_cy6muu","userId":"69efb9df17b027fd9275536a"}
{"attempt":1,"level":"info","message":"transaction_started","operation":"create_order_with_inventory","service":"transactions","timestamp":"2026-04-30T13:29:07.183Z","transactionId":"tx_molisokv_aurinn","userId":"69efb9df17b027fd9275536a"}
{"level":"warn","message":"MongoDB not running as replica set - transactions disabled for tx_molisokv_aurinn","service":"transactions","timestamp":"2026-04-30 16:29:07"}
{"durationMs":49,"level":"info","message":"Order created successfully","orderId":"ORD-1777555747186H4HM","service":"transactions","timestamp":"2026-04-30 16:29:07","total":3000,"transactionId":"tx_molisokv_aurinn","userId":"69efb9df17b027fd9275536a"}
{"attempt":1,"level":"info","message":"transaction_started","operation":"create_order_with_inventory","service":"transactions","timestamp":"2026-04-30T13:30:45.654Z","transactionId":"tx_moliusk6_zytdfe","userId":"69efb9df17b027fd9275536a"}
{"level":"warn","message":"MongoDB not running as replica set - transactions disabled for tx_moliusk6_zytdfe","service":"transactions","timestamp":"2026-04-30 16:30:45"}
{"attempt":1,"durationMs":24,"error":"Insufficient stock for \"Moet & Chandon\". Available: 0, Requested: 1","level":"info","message":"transaction_failed","operation":"create_order_with_inventory","retryable":true,"service":"transactions","timestamp":"2026-04-30T13:30:45.678Z","transactionId":"tx_moliusk6_zytdfe","type":"unknown"}
{"attempt":1,"delayMs":100,"level":"info","message":"transaction_retrying","service":"transactions","timestamp":"2026-04-30T13:30:45.679Z","transactionId":"tx_moliusk6_zytdfe"}
{"attempt":2,"level":"info","message":"transaction_started","operation":"create_order_with_inventory","service":"transactions","timestamp":"2026-04-30T13:30:45.791Z","transactionId":"tx_moliusk6_zytdfe","userId":"69efb9df17b027fd9275536a"}
{"level":"warn","message":"MongoDB not running as replica set - transactions disabled for tx_moliusk6_zytdfe","service":"transactions","timestamp":"2026-04-30 16:30:45"}
{"attempt":2,"durationMs":24,"error":"Insufficient stock for \"Moet & Chandon\". Available: 0, Requested: 1","level":"info","message":"transaction_failed","operation":"create_order_with_inventory","retryable":true,"service":"transactions","timestamp":"2026-04-30T13:30:45.816Z","transactionId":"tx_moliusk6_zytdfe","type":"unknown"}
{"attempt":2,"delayMs":200,"level":"info","message":"transaction_retrying","service":"transactions","timestamp":"2026-04-30T13:30:45.818Z","transactionId":"tx_moliusk6_zytdfe"}
{"attempt":3,"level":"info","message":"transaction_started","operation":"create_order_with_inventory","service":"transactions","timestamp":"2026-04-30T13:30:46.040Z","transactionId":"tx_moliusk6_zytdfe","userId":"69efb9df17b027fd9275536a"}
{"level":"warn","message":"MongoDB not running as replica set - transactions disabled for tx_moliusk6_zytdfe","service":"transactions","timestamp":"2026-04-30 16:30:46"}
{"attempt":3,"durationMs":25,"error":"Insufficient stock for \"Moet & Chandon\". Available: 0, Requested: 1","level":"info","message":"transaction_failed","operation":"create_order_with_inventory","retryable":true,"service":"transactions","timestamp":"2026-04-30T13:30:46.066Z","transactionId":"tx_moliusk6_zytdfe","type":"unknown"}
{"attempts":3,"error":"Insufficient stock for \"Moet & Chandon\". Available: 0, Requested: 1","level":"error","message":"Order creation failed after retries","operation":"create_order_with_inventory","service":"transactions","timestamp":"2026-04-30 16:30:46","transactionId":"tx_moliusk6_zytdfe"}
{"attempt":1,"level":"info","message":"transaction_started","operation":"create_order_with_inventory","service":"transactions","timestamp":"2026-04-30T14:04:19.287Z","transactionId":"tx_molk1yaf_p9cxpt","userId":"69efb9df17b027fd9275536a"}
{"level":"warn","message":"MongoDB not running as replica set - transactions disabled for tx_molk1yaf_p9cxpt","service":"transactions","timestamp":"2026-04-30 17:04:19"}
{"attempt":1,"durationMs":37,"error":"Insufficient stock for \"Moet & Chandon\". Available: 0, Requested: 1","level":"info","message":"transaction_failed","operation":"create_order_with_inventory","retryable":true,"service":"transactions","timestamp":"2026-04-30T14:04:19.324Z","transactionId":"tx_molk1yaf_p9cxpt","type":"unknown"}
{"attempt":1,"delayMs":100,"level":"info","message":"transaction_retrying","service":"transactions","timestamp":"2026-04-30T14:04:19.325Z","transactionId":"tx_molk1yaf_p9cxpt"}
{"attempt":2,"level":"info","message":"transaction_started","operation":"create_order_with_inventory","service":"transactions","timestamp":"2026-04-30T14:04:19.444Z","transactionId":"tx_molk1yaf_p9cxpt","userId":"69efb9df17b027fd9275536a"}
{"level":"warn","message":"MongoDB not running as replica set - transactions disabled for tx_molk1yaf_p9cxpt","service":"transactions","timestamp":"2026-04-30 17:04:19"}
{"attempt":2,"durationMs":32,"error":"Insufficient stock for \"Moet & Chandon\". Available: 0, Requested: 1","level":"info","message":"transaction_failed","operation":"create_order_with_inventory","retryable":true,"service":"transactions","timestamp":"2026-04-30T14:04:19.476Z","transactionId":"tx_molk1yaf_p9cxpt","type":"unknown"}
{"attempt":2,"delayMs":200,"level":"info","message":"transaction_retrying","service":"transactions","timestamp":"2026-04-30T14:04:19.477Z","transactionId":"tx_molk1yaf_p9cxpt"}
{"attempt":3,"level":"info","message":"transaction_started","operation":"create_order_with_inventory","service":"transactions","timestamp":"2026-04-30T14:04:19.694Z","transactionId":"tx_molk1yaf_p9cxpt","userId":"69efb9df17b027fd9275536a"}
{"level":"warn","message":"MongoDB not running as replica set - transactions disabled for tx_molk1yaf_p9cxpt","service":"transactions","timestamp":"2026-04-30 17:04:19"}
{"attempt":3,"durationMs":19,"error":"Insufficient stock for \"Moet & Chandon\". Available: 0, Requested: 1","level":"info","message":"transaction_failed","operation":"create_order_with_inventory","retryable":true,"service":"transactions","timestamp":"2026-04-30T14:04:19.713Z","transactionId":"tx_molk1yaf_p9cxpt","type":"unknown"}
{"attempts":3,"error":"Insufficient stock for \"Moet & Chandon\". Available: 0, Requested: 1","level":"error","message":"Order creation failed after retries","operation":"create_order_with_inventory","service":"transactions","timestamp":"2026-04-30 17:04:19","transactionId":"tx_molk1yaf_p9cxpt"}
{"attempt":1,"level":"info","message":"transaction_started","operation":"create_order_with_inventory","service":"transactions","timestamp":"2026-04-30T14:04:56.659Z","transactionId":"tx_molk2r4j_rtjlx4","userId":"69efb9df17b027fd9275536a"}
{"level":"warn","message":"MongoDB not running as replica set - transactions disabled for tx_molk2r4j_rtjlx4","service":"transactions","timestamp":"2026-04-30 17:04:56"}
{"durationMs":46,"level":"info","message":"Order created successfully","orderId":"ORD-177755789666132NW","service":"transactions","timestamp":"2026-04-30 17:04:56","total":3500,"transactionId":"tx_molk2r4j_rtjlx4","userId":"69efb9df17b027fd9275536a"}
{"attempt":1,"level":"info","message":"transaction_started","operation":"create_order_with_inventory","service":"transactions","timestamp":"2026-04-30T14:05:35.687Z","transactionId":"tx_molk3l8n_phl5jj","userId":"69efb9df17b027fd9275536a"}
{"level":"warn","message":"MongoDB not running as replica set - transactions disabled for tx_molk3l8n_phl5jj","service":"transactions","timestamp":"2026-04-30 17:05:35"}
{"durationMs":57,"level":"info","message":"Order created successfully","orderId":"ORD-1777557935689OXXL","service":"transactions","timestamp":"2026-04-30 17:05:35","total":2850,"transactionId":"tx_molk3l8n_phl5jj","userId":"69efb9df17b027fd9275536a"}
{"attempt":1,"level":"info","message":"transaction_started","operation":"create_order_with_inventory","service":"transactions","timestamp":"2026-05-02T10:24:43.171Z","transactionId":"tx_moo738v7_oq3vmy","userId":"69efb9df17b027fd9275536a"}
{"level":"warn","message":"MongoDB not running as replica set - transactions disabled for tx_moo738v7_oq3vmy","service":"transactions","timestamp":"2026-05-02 13:24:43"}
{"durationMs":225,"level":"info","message":"Order created successfully","orderId":"ORD-1777717483185URE7","service":"transactions","timestamp":"2026-05-02 13:24:43","total":6500,"transactionId":"tx_moo738v7_oq3vmy","userId":"69efb9df17b027fd9275536a"}
{"attempt":1,"level":"info","message":"transaction_started","operation":"create_order_with_inventory","service":"transactions","timestamp":"2026-05-02T10:28:48.252Z","transactionId":"tx_moo78hyz_h7o5y0","userId":"69efb9df17b027fd9275536a"}
{"level":"warn","message":"MongoDB not running as replica set - transactions disabled for tx_moo78hyz_h7o5y0","service":"transactions","timestamp":"2026-05-02 13:28:48"}
{"durationMs":244,"level":"info","message":"Order created successfully","orderId":"ORD-1777717728283TVTK","service":"transactions","timestamp":"2026-05-02 13:28:48","total":1800,"transactionId":"tx_moo78hyz_h7o5y0","userId":"69efb9df17b027fd9275536a"}
{"attempt":1,"level":"info","message":"transaction_started","operation":"create_order_with_inventory","service":"transactions","timestamp":"2026-05-02T10:30:20.193Z","transactionId":"tx_moo7agwx_dezxlm","userId":"69efb9df17b027fd9275536a"}
{"level":"warn","message":"MongoDB not running as replica set - transactions disabled for tx_moo7agwx_dezxlm","service":"transactions","timestamp":"2026-05-02 13:30:20"}
{"durationMs":27,"level":"info","message":"Order created successfully","orderId":"ORD-1777717820195SLW1","service":"transactions","timestamp":"2026-05-02 13:30:20","total":350,"transactionId":"tx_moo7agwx_dezxlm","userId":"69efb9df17b027fd9275536a"}
{"attempt":1,"level":"info","message":"transaction_started","operation":"create_order_with_inventory","service":"transactions","timestamp":"2026-05-02T10:59:01.786Z","transactionId":"tx_moo8bdax_eqjw4d","userId":"69efb9df17b027fd9275536a"}
{"level":"warn","message":"MongoDB not running as replica set - transactions disabled for tx_moo8bdax_eqjw4d","service":"transactions","timestamp":"2026-05-02 13:59:01"}
{"durationMs":129,"level":"info","message":"Order created successfully","orderId":"ORD-17777195417946MOE","service":"transactions","timestamp":"2026-05-02 13:59:01","total":6000,"transactionId":"tx_moo8bdax_eqjw4d","userId":"69efb9df17b027fd9275536a"}
{"attempt":1,"level":"info","message":"transaction_started","operation":"create_order_with_inventory","service":"transactions","timestamp":"2026-05-02T10:59:09.734Z","transactionId":"tx_moo8bjfq_j6cs9v","userId":"69efb9df17b027fd9275536a"}
{"level":"warn","message":"MongoDB not running as replica set - transactions disabled for tx_moo8bjfq_j6cs9v","service":"transactions","timestamp":"2026-05-02 13:59:09"}
{"durationMs":20,"level":"info","message":"Order created successfully","orderId":"ORD-1777719549735A1NT","service":"transactions","timestamp":"2026-05-02 13:59:09","total":2500,"transactionId":"tx_moo8bjfq_j6cs9v","userId":"69efb9df17b027fd9275536a"}
{"errors":[{"message":"Invalid input: expected string, received undefined","path":"items.0.productId"},{"message":"Invalid input: expected number, received undefined","path":"items.0.price"}],"level":"warn","message":"Order creation validation failed","payload":{"assignedTo":"69f25a48730f051dafe95b06","customerId":"69efb9df17b027fd92755342","items":[{"category":"Beer","conversionFactor":1,"name":"Guinness","quantity":1,"unit":"crates","unitPrice":2500}],"paymentMethod":"cash","status":"held","userId":"69efb9df17b027fd9275536a","userName":"Super Admin"},"service":"transactions","timestamp":"2026-05-02 14:34:48"}
{"errors":[{"message":"Invalid input: expected string, received undefined","path":"items.0.productId"},{"message":"Invalid input: expected number, received undefined","path":"items.0.price"}],"level":"warn","message":"Order creation validation failed","payload":{"assignedTo":"69f25a48730f051dafe95b06","customerId":"69efb9df17b027fd92755342","items":[{"category":"Beer","conversionFactor":1,"name":"Guinness","quantity":1,"unit":"crates","unitPrice":2500}],"paymentMethod":"cash","status":"held","userId":"69efb9df17b027fd9275536a","userName":"Super Admin"},"service":"transactions","timestamp":"2026-05-02 14:40:59"}
{"level":"warn","message":"MongoDB not running as replica set - using best effort for tx_1777722088579_mrsa","service":"transactions","timestamp":"2026-05-02 14:41:28"}
{"amount":2500,"level":"info","message":"payment_processed","orderId":"ORD-1777719549735A1NT","paymentId":"PAY-1777722088593-I81K9","service":"transactions","timestamp":"2026-05-02T11:41:28.708Z","transactionId":"tx_1777722088579_mrsa","userId":"69efb9df17b027fd9275536a"}
{"amount":2500,"level":"info","message":"Payment processed successfully","method":"cash","orderId":"ORD-1777719549735A1NT","paymentId":"PAY-1777722088593-I81K9","service":"transactions","timestamp":"2026-05-02 14:41:28","userId":"69efb9df17b027fd9275536a"}
{"attempt":1,"level":"info","message":"transaction_started","operation":"create_order_with_inventory","service":"transactions","timestamp":"2026-05-02T11:41:39.614Z","transactionId":"tx_moo9u6xq_m26su3","userId":"69efb9df17b027fd9275536a"}
{"level":"warn","message":"MongoDB not running as replica set - transactions disabled for tx_moo9u6xq_m26su3","service":"transactions","timestamp":"2026-05-02 14:41:39"}
{"durationMs":17,"level":"info","message":"Order created successfully","orderId":"ORD-1777722099615IJ3R","service":"transactions","timestamp":"2026-05-02 14:41:39","total":300,"transactionId":"tx_moo9u6xq_m26su3","userId":"69efb9df17b027fd9275536a"}
{"level":"warn","message":"MongoDB not running as replica set - using best effort for tx_1777722382532_qkyz","service":"transactions","timestamp":"2026-05-02 14:46:22"}
{"amount":300,"level":"info","message":"payment_processed","orderId":"ORD-1777722099615IJ3R","paymentId":"PAY-1777722382537-7JSPI","service":"transactions","timestamp":"2026-05-02T11:46:22.568Z","transactionId":"tx_1777722382532_qkyz","userId":"69efb9df17b027fd9275536a"}
{"amount":300,"level":"info","message":"Payment processed successfully","method":"cash","orderId":"ORD-1777722099615IJ3R","paymentId":"PAY-1777722382537-7JSPI","service":"transactions","timestamp":"2026-05-02 14:46:22","userId":"69efb9df17b027fd9275536a"}
{"level":"warn","message":"MongoDB not running as replica set - using best effort for tx_1777723725236_40kq","service":"transactions","timestamp":"2026-05-02 15:08:45"}
{"amount":350,"level":"info","message":"payment_processed","orderId":"ORD-1777717820195SLW1","paymentId":"PAY-1777723725245-2XITW","service":"transactions","timestamp":"2026-05-02T12:08:45.292Z","transactionId":"tx_1777723725236_40kq","userId":"69efb9df17b027fd9275536a"}
{"amount":350,"level":"info","message":"Payment processed successfully","method":"cash","orderId":"ORD-1777717820195SLW1","paymentId":"PAY-1777723725245-2XITW","service":"transactions","timestamp":"2026-05-02 15:08:45","userId":"69efb9df17b027fd9275536a"}
{"attempt":1,"level":"info","message":"transaction_started","operation":"create_order_with_inventory","service":"transactions","timestamp":"2026-05-02T12:09:40.840Z","transactionId":"tx_mooau86g_prjx6i","userId":"69efb9df17b027fd9275536a"}
{"level":"warn","message":"MongoDB not running as replica set - transactions disabled for tx_mooau86g_prjx6i","service":"transactions","timestamp":"2026-05-02 15:09:40"}
{"durationMs":21,"level":"info","message":"Order created successfully","orderId":"ORD-1777723780843XHJX","service":"transactions","timestamp":"2026-05-02 15:09:40","total":3500,"transactionId":"tx_mooau86g_prjx6i","userId":"69efb9df17b027fd9275536a"}
{"attempt":1,"level":"info","message":"transaction_started","operation":"create_order_with_inventory","service":"transactions","timestamp":"2026-05-02T12:10:25.887Z","transactionId":"tx_mooav6xr_vsewyv","userId":"69efb9df17b027fd9275536a"}
{"level":"warn","message":"MongoDB not running as replica set - transactions disabled for tx_mooav6xr_vsewyv","service":"transactions","timestamp":"2026-05-02 15:10:25"}
{"durationMs":18,"level":"info","message":"Order created successfully","orderId":"ORD-1777723825890MYGX","service":"transactions","timestamp":"2026-05-02 15:10:25","total":3500,"transactionId":"tx_mooav6xr_vsewyv","userId":"69efb9df17b027fd9275536a"}
{"attempt":1,"level":"info","message":"transaction_started","operation":"create_order_with_inventory","service":"transactions","timestamp":"2026-05-02T12:12:59.197Z","transactionId":"tx_mooayh8d_crr99f","userId":"69efb9df17b027fd9275536a"}
{"level":"warn","message":"MongoDB not running as replica set - transactions disabled for tx_mooayh8d_crr99f","service":"transactions","timestamp":"2026-05-02 15:12:59"}
{"durationMs":57,"level":"info","message":"Order created successfully","orderId":"ORD-1777723979200J8VY","service":"transactions","timestamp":"2026-05-02 15:12:59","total":3500,"transactionId":"tx_mooayh8d_crr99f","userId":"69efb9df17b027fd9275536a"}
{"errors":[{"message":"Invalid input: expected string, received undefined","path":"items.0.productId"},{"message":"Invalid input: expected number, received undefined","path":"items.0.price"}],"level":"warn","message":"Order creation validation failed","payload":{"assignedTo":"69f25a48730f051dafe95b06","customerId":"69efb9df17b027fd92755342","items":[{"category":"Beer","conversionFactor":1,"name":"Heineken Draft","quantity":1,"unit":"kegs","unitPrice":3500}],"paymentMethod":"cash","status":"held","userId":"69efb9df17b027fd9275536a","userName":"Super Admin"},"service":"transactions","timestamp":"2026-05-02 15:37:02"}
{"errors":[{"message":"Invalid input: expected string, received undefined","path":"items.0.productId"},{"message":"Invalid input: expected number, received undefined","path":"items.0.price"}],"level":"warn","message":"Order creation validation failed","payload":{"assignedTo":"69f25a48730f051dafe95b06","customerId":"69efb9df17b027fd92755342","items":[{"category":"Beer","conversionFactor":1,"name":"Heineken Draft","quantity":1,"unit":"kegs","unitPrice":3500}],"paymentMethod":"cash","status":"held","userId":"69efb9df17b027fd9275536a","userName":"Super Admin"},"service":"transactions","timestamp":"2026-05-02 15:37:56"}
{"attempt":1,"level":"info","message":"transaction_started","operation":"create_order_with_inventory","service":"transactions","timestamp":"2026-05-02T13:32:03.741Z","transactionId":"tx_moods658_r5f1ej","userId":"69efb9df17b027fd9275536a"}
{"level":"warn","message":"MongoDB not running as replica set - transactions disabled for tx_moods658_r5f1ej","service":"transactions","timestamp":"2026-05-02 16:32:03"}
{"durationMs":77,"level":"info","message":"Order created successfully","orderId":"ORD-1777728723748D7ZX","service":"transactions","timestamp":"2026-05-02 16:32:03","total":2500,"transactionId":"tx_moods658_r5f1ej","userId":"69efb9df17b027fd9275536a"}
{"attempt":1,"level":"info","message":"transaction_started","operation":"create_order_with_inventory","service":"transactions","timestamp":"2026-05-02T13:35:04.647Z","transactionId":"tx_moodw1qf_0zdfmj","userId":"69efb9df17b027fd9275536a"}
{"level":"warn","message":"MongoDB not running as replica set - transactions disabled for tx_moodw1qf_0zdfmj","service":"transactions","timestamp":"2026-05-02 16:35:04"}
{"durationMs":24,"level":"info","message":"Order created successfully","orderId":"ORD-1777728904656AVIR","service":"transactions","timestamp":"2026-05-02 16:35:04","total":2500,"transactionId":"tx_moodw1qf_0zdfmj","userId":"69efb9df17b027fd9275536a"}
{"level":"warn","message":"MongoDB not running as replica set - using best effort for tx_1777729280823_6j7d","service":"transactions","timestamp":"2026-05-02 16:41:20"}
{"amount":3500,"level":"info","message":"payment_processed","orderId":"ORD-1777723825890MYGX","paymentId":"PAY-1777729280836-LH39K","service":"transactions","timestamp":"2026-05-02T13:41:20.926Z","transactionId":"tx_1777729280823_6j7d","userId":"69efb9df17b027fd9275536a"}
{"amount":3500,"level":"info","message":"Payment processed successfully","method":"cash","orderId":"ORD-1777723825890MYGX","paymentId":"PAY-1777729280836-LH39K","service":"transactions","timestamp":"2026-05-02 16:41:20","userId":"69efb9df17b027fd9275536a"}
{"level":"warn","message":"MongoDB not running as replica set - using best effort for tx_1777729292026_4c1x","service":"transactions","timestamp":"2026-05-02 16:41:32"}
{"amount":2500,"level":"info","message":"payment_processed","orderId":"ORD-1777728904656AVIR","paymentId":"PAY-1777729292033-9L82K","service":"transactions","timestamp":"2026-05-02T13:41:32.048Z","transactionId":"tx_1777729292026_4c1x","userId":"69efb9df17b027fd9275536a"}
{"amount":2500,"level":"info","message":"Payment processed successfully","method":"cash","orderId":"ORD-1777728904656AVIR","paymentId":"PAY-1777729292033-9L82K","service":"transactions","timestamp":"2026-05-02 16:41:32","userId":"69efb9df17b027fd9275536a"}
{"level":"warn","message":"MongoDB not running as replica set - using best effort for tx_1777729299239_jbgx","service":"transactions","timestamp":"2026-05-02 16:41:39"}
{"amount":2500,"level":"info","message":"payment_processed","orderId":"ORD-1777728723748D7ZX","paymentId":"PAY-1777729299246-QIW6O","service":"transactions","timestamp":"2026-05-02T13:41:39.264Z","transactionId":"tx_1777729299239_jbgx","userId":"69efb9df17b027fd9275536a"}
{"amount":2500,"level":"info","message":"Payment processed successfully","method":"cash","orderId":"ORD-1777728723748D7ZX","paymentId":"PAY-1777729299246-QIW6O","service":"transactions","timestamp":"2026-05-02 16:41:39","userId":"69efb9df17b027fd9275536a"}
{"errors":[{"message":"Invalid input: expected string, received undefined","path":"items.0.productId"},{"message":"Invalid input: expected number, received undefined","path":"items.0.price"}],"level":"warn","message":"Order creation validation failed","payload":{"assignedTo":"69f25a48730f051dafe95b06","customerId":"69f283cfcbb82fdc7c5c32b5","items":[{"category":"Beer","conversionFactor":1,"name":"Heineken Draft","quantity":1,"unit":"kegs","unitPrice":3500}],"paymentMethod":"cash","status":"held","userId":"69efb9df17b027fd9275536a","userName":"Super Admin"},"service":"transactions","timestamp":"2026-05-02 16:41:49"}
{"errors":[{"message":"Invalid input: expected string, received undefined","path":"items.0.productId"}],"level":"warn","message":"Order creation validation failed","payload":{"assignedTo":"69f25a48730f051dafe95b06","customerId":"69f283cfcbb82fdc7c5c32b5","items":[{"category":"Beer","conversionFactor":1,"name":"Heineken Draft","price":3500,"quantity":1,"unit":"kegs","unitPrice":3500}],"paymentMethod":"cash","status":"held","userId":"69efb9df17b027fd9275536a","userName":"Super Admin"},"service":"transactions","timestamp":"2026-05-02 17:08:18"}
{"errors":[{"message":"Invalid input: expected string, received undefined","path":"items.0.productId"}],"level":"warn","message":"Order creation validation failed","payload":{"assignedTo":"69f25a48730f051dafe95b06","customerId":"69f283cfcbb82fdc7c5c32b5","items":[{"category":"Beer","conversionFactor":1,"name":"Heineken Draft","price":3500,"quantity":1,"unit":"kegs","unitPrice":3500}],"paymentMethod":"cash","status":"held","userId":"69efb9df17b027fd9275536a","userName":"Super Admin"},"service":"transactions","timestamp":"2026-05-02 17:12:14"}
{"errors":[{"message":"Invalid input: expected string, received undefined","path":"items.0.productId"}],"level":"warn","message":"Order creation validation failed","payload":{"assignedTo":"69f25a48730f051dafe95b06","customerId":"69f283cfcbb82fdc7c5c32b5","items":[{"category":"Beer","conversionFactor":1,"name":"Heineken Draft","price":3500,"quantity":1,"unit":"kegs","unitPrice":3500}],"paymentMethod":"cash","status":"held","userId":"69efb9df17b027fd9275536a","userName":"Super Admin"},"service":"transactions","timestamp":"2026-05-02 17:16:20"}
{"errors":[{"message":"Invalid input: expected string, received undefined","path":"items.0.productId"}],"level":"warn","message":"Order creation validation failed","payload":{"assignedTo":"69f25a48730f051dafe95b06","customerId":"69f283cfcbb82fdc7c5c32b5","items":[{"category":"Beer","conversionFactor":1,"name":"Heineken Draft","price":3500,"quantity":1,"unit":"kegs","unitPrice":3500}],"paymentMethod":"cash","status":"held","userId":"69efb9df17b027fd9275536a","userName":"Super Admin"},"service":"transactions","timestamp":"2026-05-02 17:17:15"}
{"level":"warn","message":"MongoDB not running as replica set - using best effort for tx_1777731790430_jq1c","service":"transactions","timestamp":"2026-05-02 17:23:10"}
{"amount":3500,"level":"info","message":"payment_processed","orderId":"ORD-1777723780843XHJX","paymentId":"PAY-1777731790464-9MPLO","service":"transactions","timestamp":"2026-05-02T14:23:10.567Z","transactionId":"tx_1777731790430_jq1c","userId":"69efb9df17b027fd9275536a"}
{"amount":3500,"level":"info","message":"Payment processed successfully","method":"cash","orderId":"ORD-1777723780843XHJX","paymentId":"PAY-1777731790464-9MPLO","service":"transactions","timestamp":"2026-05-02 17:23:10","userId":"69efb9df17b027fd9275536a"}
{"attempt":1,"level":"info","message":"transaction_started","operation":"create_order_with_inventory","service":"transactions","timestamp":"2026-05-02T14:23:22.197Z","transactionId":"tx_moofm5hx_swgd2e","userId":"69efb9df17b027fd9275536a"}
{"level":"warn","message":"MongoDB not running as replica set - transactions disabled for tx_moofm5hx_swgd2e","service":"transactions","timestamp":"2026-05-02 17:23:22"}
{"durationMs":105,"level":"info","message":"Order created successfully","orderId":"ORD-1777731802202JP9W","service":"transactions","timestamp":"2026-05-02 17:23:22","total":3500,"transactionId":"tx_moofm5hx_swgd2e","userId":"69efb9df17b027fd9275536a"}
{"attempt":1,"level":"info","message":"transaction_started","operation":"create_order_with_inventory","service":"transactions","timestamp":"2026-05-02T14:23:36.425Z","transactionId":"tx_moofmgh5_jklzb2","userId":"69efb9df17b027fd9275536a"}
{"level":"warn","message":"MongoDB not running as replica set - transactions disabled for tx_moofmgh5_jklzb2","service":"transactions","timestamp":"2026-05-02 17:23:36"}
{"durationMs":21,"level":"info","message":"Order created successfully","orderId":"ORD-1777731816428IIT1","service":"transactions","timestamp":"2026-05-02 17:23:36","total":300,"transactionId":"tx_moofmgh5_jklzb2","userId":"69efb9df17b027fd9275536a"}
{"errors":[{"message":"Invalid input: expected string, received undefined","path":"items.0.productId"}],"level":"warn","message":"Order creation validation failed","payload":{"assignedTo":"69f25a48730f051dafe95b06","customerId":"69f3555bdfe57def49341a51","items":[{"category":"CAN","conversionFactor":1,"name":"Guarana","price":300,"quantity":1,"unit":"CAN","unitPrice":300}],"paymentMethod":"cash","status":"held","userId":"69efb9df17b027fd9275536a","userName":"Super Admin"},"service":"transactions","timestamp":"2026-05-02 17:26:26"}
{"attempt":1,"level":"info","message":"transaction_started","operation":"create_order_with_inventory","service":"transactions","timestamp":"2026-05-02T14:39:09.217Z","transactionId":"tx_moog6g80_6ou0lj","userId":"69efb9df17b027fd9275536a"}
{"level":"warn","message":"MongoDB not running as replica set - transactions disabled for tx_moog6g80_6ou0lj","service":"transactions","timestamp":"2026-05-02 17:39:09"}
{"durationMs":24,"level":"info","message":"Order created successfully","orderId":"ORD-1777732749220WIO9","service":"transactions","timestamp":"2026-05-02 17:39:09","total":3500,"transactionId":"tx_moog6g80_6ou0lj","userId":"69efb9df17b027fd9275536a"}
